{"logTime": "1013/004957", "correlationVector":"Jv8Rz0A81lTmYscSYvsMD9","action":"Poll GetUpdate request", "result":"", "context":cV=Jv8Rz0A81lTmYscSYvsMD9}
{"logTime": "1013/004958", "correlationVector":"Jv8Rz0A81lTmYscSYvsMD9.1","action":"SyncServerConnectionManagerRequest", "result":"SYNC_SERVER_OK", "context":{"environment":"Prod_SoutheastAsia_000j", "migrationStage":"NotStarted", "server":"GENERAL0300001V"}}
{"logTime": "1013/004958", "correlationVector":"Jv8Rz0A81lTmYscSYvsMD9.2","action":"GetUpdates Response", "result":"Success", "context":Received 0 update(s). cV=Jv8Rz0A81lTmYscSYvsMD9.0;server=GENERAL0300001V;cloudType=Consumer;environment=Prod_SoutheastAsia_000j;migrationStage=NotStarted}
{"logTime": "1013/010825", "correlationVector":"jWNQoGMu0SgUI61mznEB/8","action":"Commit Request", "result":"", "context":Item count: 1
Contributing types: Sessions}
{"logTime": "1013/010825", "correlationVector":"jWNQoGMu0SgUI61mznEB/8.1","action":"SyncServerConnectionManagerRequest", "result":"SYNC_SERVER_OK", "context":{"environment":"Prod_SoutheastAsia_000j", "migrationStage":"NotStarted", "server":"GENERAL0300000V"}}
{"logTime": "1013/010825", "correlationVector":"jWNQoGMu0SgUI61mznEB/8.2","action":"Commit Response", "result":"Success", "context":Result: Success. cV=jWNQoGMu0SgUI61mznEB/8.0;server=GENERAL0300000V;cloudType=Consumer;environment=Prod_SoutheastAsia_000j;migrationStage=NotStarted}
{"logTime": "1013/011412", "correlationVector":"Lumu5P7Sdnm5W1ZLNpKMCU","action":"Commit Request", "result":"", "context":Item count: 1
Contributing types: Sessions}
{"logTime": "1013/011412", "correlationVector":"Lumu5P7Sdnm5W1ZLNpKMCU.1","action":"SyncServerConnectionManagerRequest", "result":"SYNC_SERVER_OK", "context":{"environment":"Prod_SoutheastAsia_000j", "migrationStage":"NotStarted", "server":"GENERAL03000029"}}
{"logTime": "1013/011412", "correlationVector":"Lumu5P7Sdnm5W1ZLNpKMCU.2","action":"Commit Response", "result":"Success", "context":Result: Success. cV=Lumu5P7Sdnm5W1ZLNpKMCU.0;server=GENERAL03000029;cloudType=Consumer;environment=Prod_SoutheastAsia_000j;migrationStage=NotStarted}
{"logTime": "1013/012836", "correlationVector":"IgenRxlnNSYuVb7CfRTmeo","action":"Commit Request", "result":"", "context":Item count: 1
Contributing types: Sessions}
{"logTime": "1013/012836", "correlationVector":"IgenRxlnNSYuVb7CfRTmeo.1","action":"SyncServerConnectionManagerRequest", "result":"SYNC_SERVER_OK", "context":{"environment":"Prod_SoutheastAsia_000j", "migrationStage":"NotStarted", "server":"GENERAL0300001U"}}
{"logTime": "1013/012836", "correlationVector":"IgenRxlnNSYuVb7CfRTmeo.2","action":"Commit Response", "result":"Success", "context":Result: Success. cV=IgenRxlnNSYuVb7CfRTmeo.0;server=GENERAL0300001U;cloudType=Consumer;environment=Prod_SoutheastAsia_000j;migrationStage=NotStarted}
{"logTime": "1013/014150", "correlationVector":"Mp87jD6UL16q0pvn3UIrfH","action":"Commit Request", "result":"", "context":Item count: 1
Contributing types: Sessions}
{"logTime": "1013/014151", "correlationVector":"Mp87jD6UL16q0pvn3UIrfH.1","action":"SyncServerConnectionManagerRequest", "result":"SYNC_SERVER_OK", "context":{"environment":"Prod_SoutheastAsia_000j", "migrationStage":"NotStarted", "server":"GENERAL0300000E"}}
{"logTime": "1013/014151", "correlationVector":"Mp87jD6UL16q0pvn3UIrfH.2","action":"Commit Response", "result":"Success", "context":Result: Success. cV=Mp87jD6UL16q0pvn3UIrfH.0;server=GENERAL0300000E;cloudType=Consumer;environment=Prod_SoutheastAsia_000j;migrationStage=NotStarted}
{"logTime": "1013/014255", "correlationVector":"JXf//WsVCneDE6bIPF17UV","action":"Commit Request", "result":"", "context":Item count: 1
Contributing types: Sessions}
{"logTime": "1013/014256", "correlationVector":"JXf//WsVCneDE6bIPF17UV.1","action":"SyncServerConnectionManagerRequest", "result":"SYNC_SERVER_OK", "context":{"environment":"Prod_SoutheastAsia_000j", "migrationStage":"NotStarted", "server":"GENERAL0300002S"}}
{"logTime": "1013/014256", "correlationVector":"JXf//WsVCneDE6bIPF17UV.2","action":"Commit Response", "result":"Success", "context":Result: Success. cV=JXf//WsVCneDE6bIPF17UV.0;server=GENERAL0300002S;cloudType=Consumer;environment=Prod_SoutheastAsia_000j;migrationStage=NotStarted}
{"logTime": "1013/014353", "correlationVector":"EAL665N23i6oZseR9IwExW","action":"Normal GetUpdate request", "result":"", "context":cV=EAL665N23i6oZseR9IwExW
Notified types: Typed URLs}
{"logTime": "1013/014354", "correlationVector":"EAL665N23i6oZseR9IwExW.1","action":"SyncServerConnectionManagerRequest", "result":"SYNC_SERVER_OK", "context":{"environment":"Prod_SoutheastAsia_000j", "migrationStage":"NotStarted", "server":"GENERAL0300001S"}}
{"logTime": "1013/014354", "correlationVector":"EAL665N23i6oZseR9IwExW.2","action":"GetUpdates", "result":"DeleteReceived", "context":{"id":"ec8747df-f378-4182-b500-bc7bf9b4f1a7", "isDeleted:":"true", "version":"1728781838010"}}
{"logTime": "1013/014354", "correlationVector":"EAL665N23i6oZseR9IwExW.3","action":"GetUpdates", "result":"DeleteReceived", "context":{"id":"fc1442e4-fa55-44bb-b95d-9db0cf5a517a", "isDeleted:":"true", "version":"1728781838011"}}
{"logTime": "1013/014354", "correlationVector":"EAL665N23i6oZseR9IwExW.4","action":"GetUpdates", "result":"DeleteReceived", "context":{"id":"fae53dcf-1b54-4aba-acf0-f15ec820fa1f", "isDeleted:":"true", "version":"1728781838013"}}
{"logTime": "1013/014354", "correlationVector":"EAL665N23i6oZseR9IwExW.5","action":"GetUpdates Response", "result":"Success", "context":Received 14 update(s). cV=EAL665N23i6oZseR9IwExW.0;server=GENERAL0300001S;cloudType=Consumer;environment=Prod_SoutheastAsia_000j;migrationStage=NotStarted}
{"logTime": "1013/014928", "correlationVector":"4qKEHKZysoenAOzOhkdrer","action":"Normal GetUpdate request", "result":"", "context":cV=4qKEHKZysoenAOzOhkdrer
Notified types: Typed URLs}
{"logTime": "1013/014929", "correlationVector":"4qKEHKZysoenAOzOhkdrer.1","action":"SyncServerConnectionManagerRequest", "result":"SYNC_SERVER_OK", "context":{"environment":"Prod_SoutheastAsia_000j", "migrationStage":"NotStarted", "server":"GENERAL0300001Q"}}
{"logTime": "1013/014929", "correlationVector":"4qKEHKZysoenAOzOhkdrer.2","action":"GetUpdates Response", "result":"Success", "context":Received 6 update(s). cV=4qKEHKZysoenAOzOhkdrer.0;server=GENERAL0300001Q;cloudType=Consumer;environment=Prod_SoutheastAsia_000j;migrationStage=NotStarted}
{"logTime": "1013/015459", "correlationVector":"0fHT+LzQkoiLp+92kyCzFb","action":"Commit Request", "result":"", "context":Item count: 1
Contributing types: Sessions}
{"logTime": "1013/015459", "correlationVector":"0fHT+LzQkoiLp+92kyCzFb.1","action":"SyncServerConnectionManagerRequest", "result":"SYNC_SERVER_OK", "context":{"environment":"Prod_SoutheastAsia_000j", "migrationStage":"NotStarted", "server":"GENERAL0300001Q"}}
{"logTime": "1013/015459", "correlationVector":"0fHT+LzQkoiLp+92kyCzFb.2","action":"Commit Response", "result":"Success", "context":Result: Success. cV=0fHT+LzQkoiLp+92kyCzFb.0;server=GENERAL0300001Q;cloudType=Consumer;environment=Prod_SoutheastAsia_000j;migrationStage=NotStarted}
{"logTime": "1015/050135", "correlationVector":"7wvRU3pKR+jVUrHRRCLKYo.1","action":"SyncServerConnectionManagerRequest", "result":"SYNC_SERVER_OK", "context":{"environment":"Prod_SoutheastAsia_000j", "migrationStage":"NotStarted", "server":"GENERAL0300002X"}}
{"logTime": "1015/050136", "correlationVector":"utn6/EbXLjlPZEDZGb+OXD","action":"SyncServerConnectionManagerRequest", "result":"SYNC_SERVER_OK", "context":{"environment":"", "migrationStage":"", "server":""}}
{"logTime": "1015/050136", "correlationVector":"7wvRU3pKR+jVUrHRRCLKYo","action":"Initial GetUpdates", "result":"", "context":Reason: NEW_CLIENT. cV=7wvRU3pKR+jVUrHRRCLKYo}
{"logTime": "1015/050136", "correlationVector":"7wvRU3pKR+jVUrHRRCLKYo.2","action":"GetUpdates Response", "result":"Success", "context":Received 1 update(s). cV=7wvRU3pKR+jVUrHRRCLKYo.0;server=GENERAL0300002X;cloudType=Consumer;environment=Prod_SoutheastAsia_000j;migrationStage=NotStarted}
{"logTime": "1015/050136", "correlationVector":"ISalgcKX8kO7s4NRegPNYk","action":"Initial GetUpdates", "result":"", "context":Reason: NEWLY_SUPPORTED_DATATYPE. cV=ISalgcKX8kO7s4NRegPNYk}
{"logTime": "1015/050137", "correlationVector":"ISalgcKX8kO7s4NRegPNYk.1","action":"SyncServerConnectionManagerRequest", "result":"SYNC_SERVER_OK", "context":{"environment":"Prod_SoutheastAsia_000j", "migrationStage":"NotStarted", "server":"GENERAL0300000C"}}
{"logTime": "1015/050137", "correlationVector":"ISalgcKX8kO7s4NRegPNYk.2","action":"GetUpdates", "result":"DeleteReceived", "context":{"id":"eddbfd8a-c1cb-4464-a055-9b421577dcfe", "isDeleted:":"true", "version":"1710097349314"}}
{"logTime": "1015/050137", "correlationVector":"ISalgcKX8kO7s4NRegPNYk.3","action":"GetUpdates", "result":"DeleteReceived", "context":{"id":"a4d69560-09dd-4e16-8b69-3ecd5c90124c", "isDeleted:":"true", "version":"1710098416019"}}
{"logTime": "1015/050137", "correlationVector":"ISalgcKX8kO7s4NRegPNYk.4","action":"GetUpdates", "result":"DeleteReceived", "context":{"id":"ac6a7104-5355-45d2-adaa-f395e9752641", "isDeleted:":"true", "version":"1724578663752"}}
{"logTime": "1015/050137", "correlationVector":"ISalgcKX8kO7s4NRegPNYk.5","action":"GetUpdates", "result":"DeleteReceived", "context":{"id":"07ab3e0a-6e07-4653-9da5-5ed57eaed8ac", "isDeleted:":"true", "version":"1726911885993"}}
{"logTime": "1015/050137", "correlationVector":"ISalgcKX8kO7s4NRegPNYk.6","action":"GetUpdates Response", "result":"Success", "context":Received 155 update(s). cV=ISalgcKX8kO7s4NRegPNYk.0;server=GENERAL0300000C;cloudType=Consumer;environment=Prod_SoutheastAsia_000j;migrationStage=NotStarted}
{"logTime": "1015/050137", "correlationVector":"NOSwy/nbVI85pPLUu/rLTg","action":"Normal GetUpdate request", "result":"", "context":cV=NOSwy/nbVI85pPLUu/rLTg
Nudged types: Sessions, Device Info
Refresh requested types: Bookmarks, Preferences, Passwords, Autofill Profiles, Autofill, Typed URLs, Extensions, Sessions, Extension settings, History Delete Directives, Device Info, User Consents, Send Tab To Self, Web Apps, Collection, Edge E Drop, Edge Hub App Usage, Edge Tab Group, Edge Wallet, Encryption Keys}
{"logTime": "1015/050138", "correlationVector":"NOSwy/nbVI85pPLUu/rLTg.1","action":"SyncServerConnectionManagerRequest", "result":"SYNC_SERVER_OK", "context":{"environment":"Prod_SoutheastAsia_000j", "migrationStage":"NotStarted", "server":"GENERAL0300001Q"}}
{"logTime": "1015/050138", "correlationVector":"NOSwy/nbVI85pPLUu/rLTg.2","action":"GetUpdates", "result":"DeleteReceived", "context":{"id":"d2cdacf7-5228-4ace-b8d6-a171b64dbaf0", "isDeleted:":"true", "version":"1728784445972"}}
{"logTime": "1015/050138", "correlationVector":"NOSwy/nbVI85pPLUu/rLTg.3","action":"GetUpdates", "result":"DeleteReceived", "context":{"id":"62b9e659-2331-4f0c-82a7-24621e4c29eb", "isDeleted:":"true", "version":"1728801139028"}}
{"logTime": "1015/050138", "correlationVector":"NOSwy/nbVI85pPLUu/rLTg.4","action":"GetUpdates", "result":"DeleteReceived", "context":{"id":"bc18cf64-f589-4bc8-bade-7a7ffd65d6fa", "isDeleted:":"true", "version":"1728801203439"}}
{"logTime": "1015/050138", "correlationVector":"NOSwy/nbVI85pPLUu/rLTg.5","action":"GetUpdates", "result":"DeleteReceived", "context":{"id":"effa5d75-13ec-42f3-b5a9-cfc6542d4c23", "isDeleted:":"true", "version":"1728801203441"}}
{"logTime": "1015/050138", "correlationVector":"NOSwy/nbVI85pPLUu/rLTg.6","action":"GetUpdates", "result":"DeleteReceived", "context":{"id":"31244092-ab84-4cd6-a8d4-c29bafeb47d7", "isDeleted:":"true", "version":"1728801298388"}}
{"logTime": "1015/050138", "correlationVector":"NOSwy/nbVI85pPLUu/rLTg.7","action":"GetUpdates", "result":"DeleteReceived", "context":{"id":"0b1fdc4c-0381-4d10-949b-e16dbaa4fdb0", "isDeleted:":"true", "version":"1728801298390"}}
{"logTime": "1015/050138", "correlationVector":"NOSwy/nbVI85pPLUu/rLTg.8","action":"GetUpdates", "result":"DeleteReceived", "context":{"id":"176af501-96e0-44e0-9de5-211e865af19c", "isDeleted:":"true", "version":"1728801298392"}}
{"logTime": "1015/050138", "correlationVector":"NOSwy/nbVI85pPLUu/rLTg.9","action":"GetUpdates", "result":"DeleteReceived", "context":{"id":"af52f857-31ef-4793-b76d-a389bfce8400", "isDeleted:":"true", "version":"1728801298393"}}
{"logTime": "1015/050138", "correlationVector":"NOSwy/nbVI85pPLUu/rLTg.10","action":"GetUpdates", "result":"DeleteReceived", "context":{"id":"1814eea0-7ba8-42eb-8a6a-997704561d3b", "isDeleted:":"true", "version":"1728820044901"}}
{"logTime": "1015/050138", "correlationVector":"NOSwy/nbVI85pPLUu/rLTg.11","action":"GetUpdates", "result":"DeleteReceived", "context":{"id":"907f1672-7bd2-4624-a671-f6658fd1f6f8", "isDeleted:":"true", "version":"1728820044903"}}
{"logTime": "1015/050138", "correlationVector":"NOSwy/nbVI85pPLUu/rLTg.12","action":"GetUpdates", "result":"DeleteReceived", "context":{"id":"504476b8-9047-4a17-8540-e03d46a9522b", "isDeleted:":"true", "version":"1728820044905"}}
{"logTime": "1015/050138", "correlationVector":"NOSwy/nbVI85pPLUu/rLTg.13","action":"GetUpdates", "result":"DeleteReceived", "context":{"id":"27f47d08-d1e4-4efd-b0a3-d1afaed8b463", "isDeleted:":"true", "version":"1728820044911"}}
{"logTime": "1015/050138", "correlationVector":"NOSwy/nbVI85pPLUu/rLTg.14","action":"GetUpdates", "result":"DeleteReceived", "context":{"id":"3c4e2f8f-11b5-4894-888b-fa22825c5749", "isDeleted:":"true", "version":"1728820044915"}}
{"logTime": "1015/050138", "correlationVector":"NOSwy/nbVI85pPLUu/rLTg.15","action":"GetUpdates", "result":"DeleteReceived", "context":{"id":"b15539b9-092a-4d62-acc7-e4ac6fbc7aff", "isDeleted:":"true", "version":"1728820110895"}}
{"logTime": "1015/050138", "correlationVector":"NOSwy/nbVI85pPLUu/rLTg.16","action":"GetUpdates", "result":"DeleteReceived", "context":{"id":"a61c8800-d41c-491e-bb28-e9e01b69cbdd", "isDeleted:":"true", "version":"1728820110896"}}
{"logTime": "1015/050138", "correlationVector":"NOSwy/nbVI85pPLUu/rLTg.17","action":"GetUpdates", "result":"DeleteReceived", "context":{"id":"82b70762-496b-46f5-bdeb-7eadaf55964c", "isDeleted:":"true", "version":"1728820110897"}}
{"logTime": "1015/050138", "correlationVector":"NOSwy/nbVI85pPLUu/rLTg.18","action":"GetUpdates", "result":"DeleteReceived", "context":{"id":"25d872b2-0dc8-4a9b-94f3-9caed85c58a1", "isDeleted:":"true", "version":"1728820110898"}}
{"logTime": "1015/050138", "correlationVector":"NOSwy/nbVI85pPLUu/rLTg.19","action":"GetUpdates", "result":"DeleteReceived", "context":{"id":"4539ce99-7c06-4c55-b9cf-6334f5f10201", "isDeleted:":"true", "version":"1728820110899"}}
{"logTime": "1015/050138", "correlationVector":"NOSwy/nbVI85pPLUu/rLTg.20","action":"GetUpdates", "result":"DeleteReceived", "context":{"id":"02f037d1-68bd-4310-b525-0ca81b70c545", "isDeleted:":"true", "version":"1728820110900"}}
{"logTime": "1015/050138", "correlationVector":"NOSwy/nbVI85pPLUu/rLTg.21","action":"GetUpdates", "result":"DeleteReceived", "context":{"id":"10e94b89-9df8-4bb2-bfc6-6daa460484a6", "isDeleted:":"true", "version":"1728820110901"}}
{"logTime": "1015/050138", "correlationVector":"NOSwy/nbVI85pPLUu/rLTg.22","action":"GetUpdates", "result":"DeleteReceived", "context":{"id":"1ff8ebf2-fc8c-48ef-ad42-8ef658006d7f", "isDeleted:":"true", "version":"1728820110903"}}
{"logTime": "1015/050138", "correlationVector":"NOSwy/nbVI85pPLUu/rLTg.23","action":"GetUpdates", "result":"DeleteReceived", "context":{"id":"08e0ac5d-1661-4f78-86f9-ac6aac1b0038", "isDeleted:":"true", "version":"1728820472289"}}
{"logTime": "1015/050138", "correlationVector":"NOSwy/nbVI85pPLUu/rLTg.24","action":"GetUpdates", "result":"DeleteReceived", "context":{"id":"5f40d723-0314-4ca5-b0ac-0d97ab025ba5", "isDeleted:":"true", "version":"1728820472290"}}
{"logTime": "1015/050138", "correlationVector":"NOSwy/nbVI85pPLUu/rLTg.25","action":"GetUpdates", "result":"DeleteReceived", "context":{"id":"9ac30fe9-505c-4039-8b44-91a2e96f6c50", "isDeleted:":"true", "version":"1728820472291"}}
{"logTime": "1015/050138", "correlationVector":"NOSwy/nbVI85pPLUu/rLTg.26","action":"GetUpdates", "result":"DeleteReceived", "context":{"id":"028133ce-983b-41f6-91dc-fad3ba416982", "isDeleted:":"true", "version":"1728820472293"}}
{"logTime": "1015/050138", "correlationVector":"NOSwy/nbVI85pPLUu/rLTg.27","action":"GetUpdates", "result":"DeleteReceived", "context":{"id":"d1438908-a727-4edf-a182-a612e5bcf358", "isDeleted:":"true", "version":"1728820472294"}}
{"logTime": "1015/050138", "correlationVector":"NOSwy/nbVI85pPLUu/rLTg.28","action":"GetUpdates", "result":"DeleteReceived", "context":{"id":"53ad1a93-e604-4c77-9f43-e6b6e437689e", "isDeleted:":"true", "version":"1728825258740"}}
{"logTime": "1015/050138", "correlationVector":"NOSwy/nbVI85pPLUu/rLTg.29","action":"GetUpdates", "result":"DeleteReceived", "context":{"id":"21ea5bb5-6496-49b3-bd4c-9adae1f41601", "isDeleted:":"true", "version":"1728827276729"}}
{"logTime": "1015/050138", "correlationVector":"NOSwy/nbVI85pPLUu/rLTg.30","action":"GetUpdates", "result":"DeleteReceived", "context":{"id":"bcacb1a0-0cb5-44c0-8106-e921d2775ac1", "isDeleted:":"true", "version":"1728827276730"}}
{"logTime": "1015/050138", "correlationVector":"NOSwy/nbVI85pPLUu/rLTg.31","action":"GetUpdates", "result":"DeleteReceived", "context":{"id":"2614afe5-b403-4c73-83d0-a837bf6e51bd", "isDeleted:":"true", "version":"1728827276731"}}
{"logTime": "1015/050138", "correlationVector":"NOSwy/nbVI85pPLUu/rLTg.32","action":"GetUpdates", "result":"DeleteReceived", "context":{"id":"37748c30-289c-4c17-9362-939a5b9dd78d", "isDeleted:":"true", "version":"1728832338324"}}
{"logTime": "1015/050138", "correlationVector":"NOSwy/nbVI85pPLUu/rLTg.33","action":"GetUpdates", "result":"DeleteReceived", "context":{"id":"a22aa74f-96cc-41dc-bd66-66ec29c5a71d", "isDeleted:":"true", "version":"1728832338325"}}
{"logTime": "1015/050138", "correlationVector":"NOSwy/nbVI85pPLUu/rLTg.34","action":"GetUpdates", "result":"DeleteReceived", "context":{"id":"f87f5cf5-a5af-489c-b0a7-d3fed0f2c6d1", "isDeleted:":"true", "version":"1728832338327"}}
{"logTime": "1015/050138", "correlationVector":"NOSwy/nbVI85pPLUu/rLTg.35","action":"GetUpdates", "result":"DeleteReceived", "context":{"id":"85ca2c5d-d4a5-4003-8dab-e963e3852d2d", "isDeleted:":"true", "version":"1728832338328"}}
{"logTime": "1015/050138", "correlationVector":"NOSwy/nbVI85pPLUu/rLTg.36","action":"GetUpdates", "result":"DeleteReceived", "context":{"id":"699bb2e5-c08b-4c70-893d-a0491b2ad6a4", "isDeleted:":"true", "version":"1728832338329"}}
{"logTime": "1015/050138", "correlationVector":"NOSwy/nbVI85pPLUu/rLTg.37","action":"GetUpdates", "result":"DeleteReceived", "context":{"id":"bf15ca65-1887-4d20-9d50-ca4b43ba22a3", "isDeleted:":"true", "version":"1728832338330"}}
{"logTime": "1015/050138", "correlationVector":"NOSwy/nbVI85pPLUu/rLTg.38","action":"GetUpdates", "result":"DeleteReceived", "context":{"id":"65b81f5c-6ca0-4be9-acb9-6d0f865fdf23", "isDeleted:":"true", "version":"1728832338331"}}
{"logTime": "1015/050138", "correlationVector":"NOSwy/nbVI85pPLUu/rLTg.39","action":"GetUpdates", "result":"DeleteReceived", "context":{"id":"ff4c9ed8-de95-45f0-9e67-ba2dc4d20569", "isDeleted:":"true", "version":"1728832338332"}}
{"logTime": "1015/050138", "correlationVector":"NOSwy/nbVI85pPLUu/rLTg.40","action":"GetUpdates", "result":"DeleteReceived", "context":{"id":"47798385-b36a-4b76-acbf-9954e6f11d97", "isDeleted:":"true", "version":"1728835820754"}}
{"logTime": "1015/050138", "correlationVector":"NOSwy/nbVI85pPLUu/rLTg.41","action":"GetUpdates", "result":"DeleteReceived", "context":{"id":"9118c8e7-b196-4dc7-bbd0-0578616479df", "isDeleted:":"true", "version":"1728835820755"}}
{"logTime": "1015/050138", "correlationVector":"NOSwy/nbVI85pPLUu/rLTg.42","action":"GetUpdates", "result":"DeleteReceived", "context":{"id":"662ab434-a823-49f5-ae0f-096af9516b70", "isDeleted:":"true", "version":"1728835820758"}}
{"logTime": "1015/050138", "correlationVector":"NOSwy/nbVI85pPLUu/rLTg.43","action":"GetUpdates", "result":"DeleteReceived", "context":{"id":"206b9b8f-1f9a-4ea0-b807-0d2a4e89ddfc", "isDeleted:":"true", "version":"1728835820759"}}
{"logTime": "1015/050138", "correlationVector":"NOSwy/nbVI85pPLUu/rLTg.44","action":"GetUpdates", "result":"DeleteReceived", "context":{"id":"628ea50c-1af1-4a5e-b744-aba721138681", "isDeleted:":"true", "version":"1728835820760"}}
{"logTime": "1015/050138", "correlationVector":"NOSwy/nbVI85pPLUu/rLTg.45","action":"GetUpdates", "result":"DeleteReceived", "context":{"id":"a9832dc8-d801-40ad-a519-981a26a58102", "isDeleted:":"true", "version":"1728835820761"}}
{"logTime": "1015/050138", "correlationVector":"NOSwy/nbVI85pPLUu/rLTg.46","action":"GetUpdates", "result":"DeleteReceived", "context":{"id":"a6817fa8-4fe5-4002-ab53-031c82e73e45", "isDeleted:":"true", "version":"1728836612017"}}
{"logTime": "1015/050138", "correlationVector":"NOSwy/nbVI85pPLUu/rLTg.47","action":"GetUpdates", "result":"DeleteReceived", "context":{"id":"91ea9604-6d8d-429f-bfc8-27d4b402977e", "isDeleted:":"true", "version":"1728836896105"}}
{"logTime": "1015/050138", "correlationVector":"NOSwy/nbVI85pPLUu/rLTg.48","action":"GetUpdates", "result":"DeleteReceived", "context":{"id":"7c476e51-6e8e-48c3-9844-4478fffcdf9c", "isDeleted:":"true", "version":"1728837121878"}}
{"logTime": "1015/050138", "correlationVector":"NOSwy/nbVI85pPLUu/rLTg.49","action":"GetUpdates", "result":"DeleteReceived", "context":{"id":"6a1789f3-a8b5-4a87-84ba-495accc0b031", "isDeleted:":"true", "version":"1728837121880"}}
{"logTime": "1015/050138", "correlationVector":"NOSwy/nbVI85pPLUu/rLTg.50","action":"GetUpdates", "result":"DeleteReceived", "context":{"id":"dea2c557-5115-43a5-a2f2-54006e2c8acc", "isDeleted:":"true", "version":"1728838817223"}}
{"logTime": "1015/050138", "correlationVector":"NOSwy/nbVI85pPLUu/rLTg.51","action":"GetUpdates", "result":"DeleteReceived", "context":{"id":"7a8c2301-e20d-4235-a9ee-555ffb5ea9fe", "isDeleted:":"true", "version":"1728838859705"}}
{"logTime": "1015/050138", "correlationVector":"NOSwy/nbVI85pPLUu/rLTg.52","action":"GetUpdates", "result":"DeleteReceived", "context":{"id":"9915a9c5-d278-48f7-8a57-929cf1a00030", "isDeleted:":"true", "version":"1728838859706"}}
{"logTime": "1015/050138", "correlationVector":"NOSwy/nbVI85pPLUu/rLTg.53","action":"GetUpdates", "result":"DeleteReceived", "context":{"id":"1586f964-4fa8-4687-b3a4-09bddc2b9476", "isDeleted:":"true", "version":"1728838859707"}}
{"logTime": "1015/050138", "correlationVector":"NOSwy/nbVI85pPLUu/rLTg.54","action":"GetUpdates", "result":"DeleteReceived", "context":{"id":"9fcb11ee-5a95-4c46-a236-aa96b32ae847", "isDeleted:":"true", "version":"1728853736836"}}
{"logTime": "1015/050138", "correlationVector":"NOSwy/nbVI85pPLUu/rLTg.55","action":"GetUpdates", "result":"DeleteReceived", "context":{"id":"9de6335f-e2a1-44e9-8b68-1af56716cc56", "isDeleted:":"true", "version":"1728853736837"}}
{"logTime": "1015/050138", "correlationVector":"NOSwy/nbVI85pPLUu/rLTg.56","action":"GetUpdates", "result":"DeleteReceived", "context":{"id":"a229131e-ebe6-48dd-9384-f23ff1d93904", "isDeleted:":"true", "version":"1728853736838"}}
{"logTime": "1015/050138", "correlationVector":"NOSwy/nbVI85pPLUu/rLTg.57","action":"GetUpdates", "result":"DeleteReceived", "context":{"id":"5b6752a4-8cb2-4e91-bdc9-52607daedb8d", "isDeleted:":"true", "version":"1728853736839"}}
{"logTime": "1015/050138", "correlationVector":"NOSwy/nbVI85pPLUu/rLTg.58","action":"GetUpdates", "result":"DeleteReceived", "context":{"id":"b0be679d-382b-47a3-a57d-b1b91fdc2a65", "isDeleted:":"true", "version":"1728853736841"}}
{"logTime": "1015/050138", "correlationVector":"NOSwy/nbVI85pPLUu/rLTg.59","action":"GetUpdates", "result":"DeleteReceived", "context":{"id":"31fcff08-4327-400e-ae1a-a9687128761e", "isDeleted:":"true", "version":"1728853736842"}}
{"logTime": "1015/050138", "correlationVector":"NOSwy/nbVI85pPLUu/rLTg.60","action":"GetUpdates", "result":"DeleteReceived", "context":{"id":"94d6f5f4-84c1-4a5e-a1c9-e2ecb43ead14", "isDeleted:":"true", "version":"1728853736843"}}
{"logTime": "1015/050138", "correlationVector":"NOSwy/nbVI85pPLUu/rLTg.61","action":"GetUpdates", "result":"DeleteReceived", "context":{"id":"6e43d1f0-3666-47f8-bd80-1a81e36945d9", "isDeleted:":"true", "version":"1728853736844"}}
{"logTime": "1015/050138", "correlationVector":"NOSwy/nbVI85pPLUu/rLTg.62","action":"GetUpdates", "result":"DeleteReceived", "context":{"id":"bf772f9a-20f5-4321-b2e5-6916e2dfb23a", "isDeleted:":"true", "version":"1728853736845"}}
{"logTime": "1015/050138", "correlationVector":"NOSwy/nbVI85pPLUu/rLTg.63","action":"GetUpdates", "result":"DeleteReceived", "context":{"id":"cc0deda2-f5b6-4e0a-ba60-2a69a181682a", "isDeleted:":"true", "version":"1728853736846"}}
{"logTime": "1015/050138", "correlationVector":"NOSwy/nbVI85pPLUu/rLTg.64","action":"GetUpdates", "result":"DeleteReceived", "context":{"id":"f39767d1-43aa-403d-9c8f-3f8f8674f8a9", "isDeleted:":"true", "version":"1728853736847"}}
{"logTime": "1015/050138", "correlationVector":"NOSwy/nbVI85pPLUu/rLTg.65","action":"GetUpdates", "result":"DeleteReceived", "context":{"id":"5b54afc4-5ea7-408d-99e0-2847187b5e79", "isDeleted:":"true", "version":"1728853736848"}}
{"logTime": "1015/050138", "correlationVector":"NOSwy/nbVI85pPLUu/rLTg.66","action":"GetUpdates", "result":"DeleteReceived", "context":{"id":"4d95e359-b764-4e5f-b781-ed41841cd86c", "isDeleted:":"true", "version":"1728853736849"}}
{"logTime": "1015/050138", "correlationVector":"NOSwy/nbVI85pPLUu/rLTg.67","action":"GetUpdates", "result":"DeleteReceived", "context":{"id":"6a8ee4b9-8b7a-42ed-9d1b-2e871b8adf51", "isDeleted:":"true", "version":"1728853736850"}}
{"logTime": "1015/050138", "correlationVector":"NOSwy/nbVI85pPLUu/rLTg.68","action":"GetUpdates", "result":"DeleteReceived", "context":{"id":"6f6254ad-8824-4309-b90f-b07691ae086d", "isDeleted:":"true", "version":"1728853736851"}}
{"logTime": "1015/050138", "correlationVector":"NOSwy/nbVI85pPLUu/rLTg.69","action":"GetUpdates", "result":"DeleteReceived", "context":{"id":"2b0c0bac-5ddd-4c9c-aca7-895e2a923894", "isDeleted:":"true", "version":"1728853736852"}}
{"logTime": "1015/050138", "correlationVector":"NOSwy/nbVI85pPLUu/rLTg.70","action":"GetUpdates", "result":"DeleteReceived", "context":{"id":"162df854-158b-4c94-9c63-2e962a0af821", "isDeleted:":"true", "version":"1728853736853"}}
{"logTime": "1015/050138", "correlationVector":"NOSwy/nbVI85pPLUu/rLTg.71","action":"GetUpdates", "result":"DeleteReceived", "context":{"id":"14c46a74-4b78-4a3c-ba42-fde486c6cb1f", "isDeleted:":"true", "version":"1728853736854"}}
{"logTime": "1015/050138", "correlationVector":"NOSwy/nbVI85pPLUu/rLTg.72","action":"GetUpdates", "result":"DeleteReceived", "context":{"id":"1762b1a1-0e63-4d1e-bff3-9c3335c5cf24", "isDeleted:":"true", "version":"1728853736855"}}
{"logTime": "1015/050138", "correlationVector":"NOSwy/nbVI85pPLUu/rLTg.73","action":"GetUpdates", "result":"DeleteReceived", "context":{"id":"24b9d018-73b3-48f2-aba2-3d39747117a6", "isDeleted:":"true", "version":"1728853736856"}}
{"logTime": "1015/050138", "correlationVector":"NOSwy/nbVI85pPLUu/rLTg.74","action":"GetUpdates", "result":"DeleteReceived", "context":{"id":"3ab5b055-55e5-42c7-98ab-f4fdf261fcc6", "isDeleted:":"true", "version":"1728853736857"}}
{"logTime": "1015/050138", "correlationVector":"NOSwy/nbVI85pPLUu/rLTg.75","action":"GetUpdates", "result":"DeleteReceived", "context":{"id":"d7230f6a-fe99-4500-b257-744d3cb2014c", "isDeleted:":"true", "version":"1728853736858"}}
{"logTime": "1015/050138", "correlationVector":"NOSwy/nbVI85pPLUu/rLTg.76","action":"GetUpdates", "result":"DeleteReceived", "context":{"id":"e56d0d1c-e767-4b7b-bc36-49333059e802", "isDeleted:":"true", "version":"1728853736859"}}
{"logTime": "1015/050138", "correlationVector":"NOSwy/nbVI85pPLUu/rLTg.77","action":"GetUpdates", "result":"DeleteReceived", "context":{"id":"e37928f5-e167-4e5b-a293-966d2cba1ae1", "isDeleted:":"true", "version":"1728853736860"}}
{"logTime": "1015/050138", "correlationVector":"NOSwy/nbVI85pPLUu/rLTg.78","action":"GetUpdates", "result":"DeleteReceived", "context":{"id":"14f8ea44-48c8-4683-b5ec-03ad19e9e0ac", "isDeleted:":"true", "version":"1728853736861"}}
{"logTime": "1015/050138", "correlationVector":"NOSwy/nbVI85pPLUu/rLTg.79","action":"GetUpdates", "result":"DeleteReceived", "context":{"id":"b2638cce-3a97-4a12-92f5-edce511b6dc2", "isDeleted:":"true", "version":"1728853736862"}}
{"logTime": "1015/050138", "correlationVector":"NOSwy/nbVI85pPLUu/rLTg.80","action":"GetUpdates", "result":"DeleteReceived", "context":{"id":"c6e106fb-d2a4-44a1-a881-2ddc516f3e7f", "isDeleted:":"true", "version":"1728853736863"}}
{"logTime": "1015/050138", "correlationVector":"NOSwy/nbVI85pPLUu/rLTg.81","action":"GetUpdates", "result":"DeleteReceived", "context":{"id":"b6f1412e-802f-4c47-ac5b-d92a7e49fe99", "isDeleted:":"true", "version":"1728853736864"}}
{"logTime": "1015/050138", "correlationVector":"NOSwy/nbVI85pPLUu/rLTg.82","action":"GetUpdates", "result":"DeleteReceived", "context":{"id":"d1abebde-dff8-47f8-96ec-c10f45011440", "isDeleted:":"true", "version":"1728853736865"}}
{"logTime": "1015/050138", "correlationVector":"NOSwy/nbVI85pPLUu/rLTg.83","action":"GetUpdates", "result":"DeleteReceived", "context":{"id":"a8a38814-4519-465c-96b0-5c473aa316ae", "isDeleted:":"true", "version":"1728915342223"}}
{"logTime": "1015/050138", "correlationVector":"NOSwy/nbVI85pPLUu/rLTg.84","action":"GetUpdates", "result":"DeleteReceived", "context":{"id":"acbea8a5-7b60-442a-b712-0efbe90605eb", "isDeleted:":"true", "version":"1728915373710"}}
{"logTime": "1015/050138", "correlationVector":"NOSwy/nbVI85pPLUu/rLTg.85","action":"GetUpdates", "result":"DeleteReceived", "context":{"id":"189a88e3-aba2-402d-989c-f54a97f82b4c", "isDeleted:":"true", "version":"1728915373712"}}
{"logTime": "1015/050138", "correlationVector":"NOSwy/nbVI85pPLUu/rLTg.86","action":"GetUpdates", "result":"DeleteReceived", "context":{"id":"78b61c36-d872-4076-838f-c652671ee9d9", "isDeleted:":"true", "version":"1728915373714"}}
{"logTime": "1015/050138", "correlationVector":"NOSwy/nbVI85pPLUu/rLTg.87","action":"GetUpdates", "result":"DeleteReceived", "context":{"id":"3bfe330a-b79b-4f62-b44d-b1af55ed5ffa", "isDeleted:":"true", "version":"1728915373717"}}
{"logTime": "1015/050138", "correlationVector":"NOSwy/nbVI85pPLUu/rLTg.88","action":"GetUpdates", "result":"DeleteReceived", "context":{"id":"b88ba224-373c-4399-88cd-3350a061f6d6", "isDeleted:":"true", "version":"1728916119505"}}
{"logTime": "1015/050138", "correlationVector":"NOSwy/nbVI85pPLUu/rLTg.89","action":"GetUpdates", "result":"DeleteReceived", "context":{"id":"09364419-0140-4dc8-8032-71ee2b05263a", "isDeleted:":"true", "version":"1728916736396"}}
{"logTime": "1015/050138", "correlationVector":"NOSwy/nbVI85pPLUu/rLTg.90","action":"GetUpdates", "result":"DeleteReceived", "context":{"id":"5c696a8e-d7fc-4b37-8924-604b0ac34c85", "isDeleted:":"true", "version":"1728920046953"}}
{"logTime": "1015/050138", "correlationVector":"NOSwy/nbVI85pPLUu/rLTg.91","action":"GetUpdates", "result":"DeleteReceived", "context":{"id":"70371048-e06e-4dd3-881c-dcd22d0d8ef0", "isDeleted:":"true", "version":"1728920168130"}}
{"logTime": "1015/050138", "correlationVector":"NOSwy/nbVI85pPLUu/rLTg.92","action":"GetUpdates", "result":"DeleteReceived", "context":{"id":"56124b47-b6d8-49e0-82d2-c7fd4da732a2", "isDeleted:":"true", "version":"1728925437239"}}
{"logTime": "1015/050138", "correlationVector":"NOSwy/nbVI85pPLUu/rLTg.93","action":"GetUpdates", "result":"DeleteReceived", "context":{"id":"da2a69f1-c724-4a09-9634-99010bd80f4d", "isDeleted:":"true", "version":"1728925437240"}}
{"logTime": "1015/050138", "correlationVector":"NOSwy/nbVI85pPLUu/rLTg.94","action":"GetUpdates", "result":"DeleteReceived", "context":{"id":"1df6e5aa-50bd-4b1a-8453-7e79cb49b070", "isDeleted:":"true", "version":"1728925485865"}}
{"logTime": "1015/050138", "correlationVector":"NOSwy/nbVI85pPLUu/rLTg.95","action":"GetUpdates", "result":"DeleteReceived", "context":{"id":"4fe54fda-30ee-4150-8ce5-3050e7616016", "isDeleted:":"true", "version":"1728925485868"}}
{"logTime": "1015/050138", "correlationVector":"NOSwy/nbVI85pPLUu/rLTg.96","action":"GetUpdates", "result":"DeleteReceived", "context":{"id":"f27708c9-28a2-4fdb-9bbd-6e4ec21b327e", "isDeleted:":"true", "version":"1728925485869"}}
{"logTime": "1015/050138", "correlationVector":"NOSwy/nbVI85pPLUu/rLTg.97","action":"GetUpdates", "result":"DeleteReceived", "context":{"id":"1e51ff51-291e-4dc2-9db7-fc1ca7ebdf20", "isDeleted:":"true", "version":"1728925516548"}}
{"logTime": "1015/050138", "correlationVector":"NOSwy/nbVI85pPLUu/rLTg.98","action":"GetUpdates", "result":"DeleteReceived", "context":{"id":"f76b885b-b385-4bfe-ba2c-2d9d74d3b994", "isDeleted:":"true", "version":"1728925516551"}}
{"logTime": "1015/050138", "correlationVector":"NOSwy/nbVI85pPLUu/rLTg.99","action":"GetUpdates", "result":"DeleteReceived", "context":{"id":"736f9694-f1e4-48a2-80e9-d6232d28cffe", "isDeleted:":"true", "version":"1728925516552"}}
{"logTime": "1015/050138", "correlationVector":"NOSwy/nbVI85pPLUu/rLTg.100","action":"GetUpdates", "result":"DeleteReceived", "context":{"id":"6daae961-7b83-4131-a429-bcf7698f0242", "isDeleted:":"true", "version":"1728925516554"}}
{"logTime": "1015/050138", "correlationVector":"NOSwy/nbVI85pPLUu/rLTg.101","action":"GetUpdates", "result":"DeleteReceived", "context":{"id":"c2ebaa68-2496-49a9-ac12-ce63e4ad9137", "isDeleted:":"true", "version":"1728925516555"}}
{"logTime": "1015/050138", "correlationVector":"NOSwy/nbVI85pPLUu/rLTg.102","action":"GetUpdates", "result":"DeleteReceived", "context":{"id":"afd604a9-b1d6-45af-9ffa-c77cd9d2e88f", "isDeleted:":"true", "version":"1728925516556"}}
{"logTime": "1015/050138", "correlationVector":"NOSwy/nbVI85pPLUu/rLTg.103","action":"GetUpdates", "result":"DeleteReceived", "context":{"id":"d1be34a5-4910-4a1d-b6ab-981f0a2795c8", "isDeleted:":"true", "version":"1728925516557"}}
{"logTime": "1015/050138", "correlationVector":"NOSwy/nbVI85pPLUu/rLTg.104","action":"GetUpdates", "result":"DeleteReceived", "context":{"id":"43858021-972f-41dd-9813-836d171a4bc8", "isDeleted:":"true", "version":"1728925557938"}}
{"logTime": "1015/050138", "correlationVector":"NOSwy/nbVI85pPLUu/rLTg.105","action":"GetUpdates", "result":"DeleteReceived", "context":{"id":"23ddf4b7-f2d5-4fb7-ad75-a1cf438d9ed5", "isDeleted:":"true", "version":"1728927958039"}}
{"logTime": "1015/050138", "correlationVector":"NOSwy/nbVI85pPLUu/rLTg.106","action":"GetUpdates", "result":"DeleteReceived", "context":{"id":"243ba2bf-3de3-493d-8a07-b7322d54d144", "isDeleted:":"true", "version":"1728931369929"}}
{"logTime": "1015/050138", "correlationVector":"NOSwy/nbVI85pPLUu/rLTg.107","action":"GetUpdates", "result":"DeleteReceived", "context":{"id":"054889a2-ba3e-44a6-9a32-c45819006e95", "isDeleted:":"true", "version":"1728931369932"}}
{"logTime": "1015/050138", "correlationVector":"NOSwy/nbVI85pPLUu/rLTg.108","action":"GetUpdates", "result":"DeleteReceived", "context":{"id":"3b0b95da-e7e8-498e-b846-b43c3c19280e", "isDeleted:":"true", "version":"1728931369933"}}
{"logTime": "1015/050138", "correlationVector":"NOSwy/nbVI85pPLUu/rLTg.109","action":"GetUpdates", "result":"DeleteReceived", "context":{"id":"45fedcb1-7d95-47d7-acaf-b41997755f97", "isDeleted:":"true", "version":"1728931369934"}}
{"logTime": "1015/050138", "correlationVector":"NOSwy/nbVI85pPLUu/rLTg.110","action":"GetUpdates", "result":"DeleteReceived", "context":{"id":"77e085e8-d1af-42fa-9d3a-1cbb1901eb28", "isDeleted:":"true", "version":"1728931369935"}}
{"logTime": "1015/050138", "correlationVector":"NOSwy/nbVI85pPLUu/rLTg.111","action":"GetUpdates", "result":"DeleteReceived", "context":{"id":"3f59779c-0a0f-47ca-a862-2a727efed9a7", "isDeleted:":"true", "version":"1728931369936"}}
{"logTime": "1015/050138", "correlationVector":"NOSwy/nbVI85pPLUu/rLTg.112","action":"GetUpdates", "result":"DeleteReceived", "context":{"id":"d03a2f39-9240-4121-ae1e-e0f5a31cb4fa", "isDeleted:":"true", "version":"1728931369937"}}
{"logTime": "1015/050138", "correlationVector":"NOSwy/nbVI85pPLUu/rLTg.113","action":"GetUpdates", "result":"DeleteReceived", "context":{"id":"8d923c41-b0d5-4e0d-8947-2244a0a741b4", "isDeleted:":"true", "version":"1728931611509"}}
{"logTime": "1015/050138", "correlationVector":"NOSwy/nbVI85pPLUu/rLTg.114","action":"GetUpdates", "result":"DeleteReceived", "context":{"id":"8da7fbf9-5c7c-4b33-9b4e-45a5ed253935", "isDeleted:":"true", "version":"1728931611510"}}
{"logTime": "1015/050138", "correlationVector":"NOSwy/nbVI85pPLUu/rLTg.115","action":"GetUpdates", "result":"DeleteReceived", "context":{"id":"6fd1bb9e-666d-4234-8474-c7ac6c594c53", "isDeleted:":"true", "version":"1728931611512"}}
{"logTime": "1015/050138", "correlationVector":"NOSwy/nbVI85pPLUu/rLTg.116","action":"GetUpdates", "result":"DeleteReceived", "context":{"id":"2b26ced3-e4a3-4f51-b270-702b02c2b1e3", "isDeleted:":"true", "version":"1728931611513"}}
{"logTime": "1015/050138", "correlationVector":"NOSwy/nbVI85pPLUu/rLTg.117","action":"GetUpdates", "result":"DeleteReceived", "context":{"id":"0cf73b70-d3f5-4d08-ab43-36f7748b8ccc", "isDeleted:":"true", "version":"1728931611514"}}
{"logTime": "1015/050138", "correlationVector":"NOSwy/nbVI85pPLUu/rLTg.118","action":"GetUpdates", "result":"DeleteReceived", "context":{"id":"c9d5e93e-4ab7-4bf3-a9a7-c761fe6f3880", "isDeleted:":"true", "version":"1728931611515"}}
{"logTime": "1015/050138", "correlationVector":"NOSwy/nbVI85pPLUu/rLTg.119","action":"GetUpdates", "result":"DeleteReceived", "context":{"id":"f123afc5-bbcc-4c9d-9aed-2f51e294d806", "isDeleted:":"true", "version":"1728931611516"}}
{"logTime": "1015/050138", "correlationVector":"NOSwy/nbVI85pPLUu/rLTg.120","action":"GetUpdates", "result":"DeleteReceived", "context":{"id":"a44177a6-3f26-45e6-a15a-3dc3f8eb2290", "isDeleted:":"true", "version":"1728931611517"}}
{"logTime": "1015/050138", "correlationVector":"NOSwy/nbVI85pPLUu/rLTg.121","action":"GetUpdates", "result":"DeleteReceived", "context":{"id":"65d3ef44-8a9a-46d1-a7b9-0968902e18e4", "isDeleted:":"true", "version":"1728931611519"}}
{"logTime": "1015/050138", "correlationVector":"NOSwy/nbVI85pPLUu/rLTg.122","action":"GetUpdates", "result":"DeleteReceived", "context":{"id":"717135a5-caf7-491f-9290-c7ad7899c51d", "isDeleted:":"true", "version":"1728931611520"}}
{"logTime": "1015/050138", "correlationVector":"NOSwy/nbVI85pPLUu/rLTg.123","action":"GetUpdates", "result":"DeleteReceived", "context":{"id":"5bdd5075-8fa3-4a10-8279-7e4e273d14a4", "isDeleted:":"true", "version":"1728931611521"}}
{"logTime": "1015/050138", "correlationVector":"NOSwy/nbVI85pPLUu/rLTg.124","action":"GetUpdates", "result":"DeleteReceived", "context":{"id":"1c0a452f-be4f-4e9e-a76f-d229f831147d", "isDeleted:":"true", "version":"1728931611522"}}
{"logTime": "1015/050138", "correlationVector":"NOSwy/nbVI85pPLUu/rLTg.125","action":"GetUpdates", "result":"DeleteReceived", "context":{"id":"7f9c6afe-9899-4462-bd2f-5ffb65bdf757", "isDeleted:":"true", "version":"1728931611523"}}
{"logTime": "1015/050138", "correlationVector":"NOSwy/nbVI85pPLUu/rLTg.126","action":"GetUpdates", "result":"DeleteReceived", "context":{"id":"7e9dd6e9-e639-4a38-9af1-a01ffd4c507a", "isDeleted:":"true", "version":"1728931612520"}}
{"logTime": "1015/050138", "correlationVector":"NOSwy/nbVI85pPLUu/rLTg.127","action":"GetUpdates", "result":"DeleteReceived", "context":{"id":"ceb76b88-fe9b-4861-9742-53e70d384b79", "isDeleted:":"true", "version":"1728935181524"}}
{"logTime": "1015/050138", "correlationVector":"NOSwy/nbVI85pPLUu/rLTg.128","action":"GetUpdates", "result":"DeleteReceived", "context":{"id":"1c38c1b0-3bac-4530-858b-9708384ac59d", "isDeleted:":"true", "version":"1728937549648"}}
{"logTime": "1015/050138", "correlationVector":"NOSwy/nbVI85pPLUu/rLTg.129","action":"GetUpdates", "result":"DeleteReceived", "context":{"id":"1fea7ff9-ec0a-4e64-8d79-a9acdd5b0321", "isDeleted:":"true", "version":"1728939468893"}}
{"logTime": "1015/050138", "correlationVector":"NOSwy/nbVI85pPLUu/rLTg.130","action":"GetUpdates", "result":"DeleteReceived", "context":{"id":"202c59d5-2b9e-4b9c-b17c-c8ee0ab1e863", "isDeleted:":"true", "version":"1728939468895"}}
{"logTime": "1015/050138", "correlationVector":"NOSwy/nbVI85pPLUu/rLTg.131","action":"GetUpdates", "result":"DeleteReceived", "context":{"id":"eccb792d-e553-4adf-95d0-ac0b30c06c6c", "isDeleted:":"true", "version":"1728942865953"}}
{"logTime": "1015/050138", "correlationVector":"NOSwy/nbVI85pPLUu/rLTg.132","action":"GetUpdates", "result":"DeleteReceived", "context":{"id":"8994c1e0-093d-43ac-a707-e51996dfd8aa", "isDeleted:":"true", "version":"1728942865955"}}
{"logTime": "1015/050138", "correlationVector":"NOSwy/nbVI85pPLUu/rLTg.133","action":"GetUpdates", "result":"DeleteReceived", "context":{"id":"9238773a-4808-46d4-a88b-96d8e1f2fa67", "isDeleted:":"true", "version":"1728942865957"}}
{"logTime": "1015/050138", "correlationVector":"NOSwy/nbVI85pPLUu/rLTg.134","action":"GetUpdates", "result":"DeleteReceived", "context":{"id":"03c6308a-be73-4bf2-ac6e-64d9d9191173", "isDeleted:":"true", "version":"1728942865958"}}
{"logTime": "1015/050138", "correlationVector":"NOSwy/nbVI85pPLUu/rLTg.135","action":"GetUpdates", "result":"DeleteReceived", "context":{"id":"6a5b9a33-a194-4a40-925e-e502de9f49f3", "isDeleted:":"true", "version":"1728942865961"}}
{"logTime": "1015/050138", "correlationVector":"NOSwy/nbVI85pPLUu/rLTg.136","action":"GetUpdates", "result":"DeleteReceived", "context":{"id":"abc21aa8-23b2-4f5b-aa21-1330d4989559", "isDeleted:":"true", "version":"1728942865962"}}
{"logTime": "1015/050138", "correlationVector":"NOSwy/nbVI85pPLUu/rLTg.137","action":"GetUpdates", "result":"DeleteReceived", "context":{"id":"e86b0f36-96bf-4079-b5f9-b25331ba4a2b", "isDeleted:":"true", "version":"1728942865963"}}
{"logTime": "1015/050138", "correlationVector":"NOSwy/nbVI85pPLUu/rLTg.138","action":"GetUpdates", "result":"DeleteReceived", "context":{"id":"e7dc789c-bbe5-4d8c-be44-6a67df1c80c1", "isDeleted:":"true", "version":"1728942865964"}}
{"logTime": "1015/050138", "correlationVector":"NOSwy/nbVI85pPLUu/rLTg.139","action":"GetUpdates", "result":"DeleteReceived", "context":{"id":"0149909a-e5d1-4adb-9336-44815db7a16e", "isDeleted:":"true", "version":"1728942865965"}}
{"logTime": "1015/050138", "correlationVector":"NOSwy/nbVI85pPLUu/rLTg.140","action":"GetUpdates", "result":"DeleteReceived", "context":{"id":"c6193c88-116c-468a-b322-c304ef9a7c95", "isDeleted:":"true", "version":"1728942906159"}}
{"logTime": "1015/050138", "correlationVector":"NOSwy/nbVI85pPLUu/rLTg.141","action":"GetUpdates", "result":"DeleteReceived", "context":{"id":"4962e603-f69b-4b62-8c7a-656ced1fa9cb", "isDeleted:":"true", "version":"1728942906160"}}
{"logTime": "1015/050138", "correlationVector":"NOSwy/nbVI85pPLUu/rLTg.142","action":"GetUpdates", "result":"DeleteReceived", "context":{"id":"c1f5282f-a789-4971-97d0-bf84c6ab0a2c", "isDeleted:":"true", "version":"1728968010185"}}
{"logTime": "1015/050138", "correlationVector":"NOSwy/nbVI85pPLUu/rLTg.143","action":"GetUpdates", "result":"DeleteReceived", "context":{"id":"d3e53f64-56c0-4540-869e-5506beb3b992", "isDeleted:":"true", "version":"1728968010186"}}
{"logTime": "1015/050138", "correlationVector":"NOSwy/nbVI85pPLUu/rLTg.144","action":"GetUpdates", "result":"DeleteReceived", "context":{"id":"20355ae2-b61b-447f-b4ff-f300285bce1e", "isDeleted:":"true", "version":"1728968010188"}}
{"logTime": "1015/050138", "correlationVector":"NOSwy/nbVI85pPLUu/rLTg.145","action":"GetUpdates", "result":"DeleteReceived", "context":{"id":"728353d0-1f68-4e51-a155-1040c4e0b5a0", "isDeleted:":"true", "version":"1728968380373"}}
{"logTime": "1015/050138", "correlationVector":"NOSwy/nbVI85pPLUu/rLTg.146","action":"GetUpdates", "result":"DeleteReceived", "context":{"id":"e5ab58d6-431a-4c05-a7a0-7d3992288485", "isDeleted:":"true", "version":"1728968380375"}}
{"logTime": "1015/050138", "correlationVector":"NOSwy/nbVI85pPLUu/rLTg.147","action":"GetUpdates", "result":"DeleteReceived", "context":{"id":"47401289-0d18-4464-bce8-4650134ffb71", "isDeleted:":"true", "version":"1728968380376"}}
{"logTime": "1015/050138", "correlationVector":"NOSwy/nbVI85pPLUu/rLTg.148","action":"GetUpdates", "result":"DeleteReceived", "context":{"id":"74047503-f232-438a-9ea8-e458a4c2b2be", "isDeleted:":"true", "version":"1728968381070"}}
{"logTime": "1015/050138", "correlationVector":"NOSwy/nbVI85pPLUu/rLTg.149","action":"GetUpdates Response", "result":"Success", "context":Received 192 update(s). cV=NOSwy/nbVI85pPLUu/rLTg.0;server=GENERAL0300001Q;cloudType=Consumer;environment=Prod_SoutheastAsia_000j;migrationStage=NotStarted}
{"logTime": "1015/050138", "correlationVector":"guSTbtWjH69gmIJ/lh36gV","action":"Commit Request", "result":"", "context":Item count: 4
Contributing types: Sessions, Device Info}
{"logTime": "1015/050138", "correlationVector":"guSTbtWjH69gmIJ/lh36gV.1","action":"SyncServerConnectionManagerRequest", "result":"SYNC_SERVER_OK", "context":{"environment":"Prod_SoutheastAsia_000j", "migrationStage":"NotStarted", "server":"GENERAL0300001B"}}
{"logTime": "1015/050138", "correlationVector":"guSTbtWjH69gmIJ/lh36gV.3","action":"Commit.Sessions", "result":"Success", "context":{"id":"5361a816-641e-418a-b1a9-521f087d0bfd", "isDeleted":"true", "size":"0", "version":"1728784500296"}}
{"logTime": "1015/050138", "correlationVector":"guSTbtWjH69gmIJ/lh36gV.2","action":"Commit Response", "result":"Success", "context":Result: Success. cV=guSTbtWjH69gmIJ/lh36gV.0;server=GENERAL0300001B;cloudType=Consumer;environment=Prod_SoutheastAsia_000j;migrationStage=NotStarted}
{"logTime": "1015/050138", "correlationVector":"teMlxVHMI8YwqYNX+SDaOj","action":"Normal GetUpdate request", "result":"", "context":cV=teMlxVHMI8YwqYNX+SDaOj
Nudged types: Sessions, Device Info}
{"logTime": "1015/050139", "correlationVector":"teMlxVHMI8YwqYNX+SDaOj.1","action":"SyncServerConnectionManagerRequest", "result":"SYNC_SERVER_OK", "context":{"environment":"Prod_SoutheastAsia_000j", "migrationStage":"NotStarted", "server":"GENERAL0300001X"}}
{"logTime": "1015/050139", "correlationVector":"teMlxVHMI8YwqYNX+SDaOj.2","action":"GetUpdates", "result":"DeleteReceived", "context":{"id":"5361a816-641e-418a-b1a9-521f087d0bfd", "isDeleted:":"true", "version":"1728968498391"}}
{"logTime": "1015/050139", "correlationVector":"teMlxVHMI8YwqYNX+SDaOj.3","action":"GetUpdates Response", "result":"Success", "context":Received 4 update(s). cV=teMlxVHMI8YwqYNX+SDaOj.0;server=GENERAL0300001X;cloudType=Consumer;environment=Prod_SoutheastAsia_000j;migrationStage=NotStarted}
{"logTime": "1015/050139", "correlationVector":"P7cGecs/2OfuZLi74//5x6","action":"Poll GetUpdate request", "result":"", "context":cV=P7cGecs/2OfuZLi74//5x6}
{"logTime": "1015/050139", "correlationVector":"P7cGecs/2OfuZLi74//5x6.1","action":"SyncServerConnectionManagerRequest", "result":"SYNC_SERVER_OK", "context":{"environment":"Prod_SoutheastAsia_000j", "migrationStage":"NotStarted", "server":"GENERAL0300001P"}}
{"logTime": "1015/050139", "correlationVector":"P7cGecs/2OfuZLi74//5x6.2","action":"GetUpdates Response", "result":"Success", "context":Received 0 update(s). cV=P7cGecs/2OfuZLi74//5x6.0;server=GENERAL0300001P;cloudType=Consumer;environment=Prod_SoutheastAsia_000j;migrationStage=NotStarted}
{"logTime": "1015/050144", "correlationVector":"aqdV6lKOPbPrHNt4bo/+CZ","action":"Commit Request", "result":"", "context":Item count: 1
Contributing types: Preferences}
{"logTime": "1015/050145", "correlationVector":"aqdV6lKOPbPrHNt4bo/+CZ.1","action":"SyncServerConnectionManagerRequest", "result":"SYNC_SERVER_OK", "context":{"environment":"Prod_SoutheastAsia_000j", "migrationStage":"NotStarted", "server":"GENERAL01000019"}}
{"logTime": "1015/050145", "correlationVector":"aqdV6lKOPbPrHNt4bo/+CZ.2","action":"Commit Response", "result":"Success", "context":Result: Success. cV=aqdV6lKOPbPrHNt4bo/+CZ.0;server=GENERAL01000019;cloudType=Consumer;environment=Prod_SoutheastAsia_000j;migrationStage=NotStarted}
{"logTime": "1015/050226", "correlationVector":"cvtiqw7KRDPouNBw5HkJOR","action":"Normal GetUpdate request", "result":"", "context":cV=cvtiqw7KRDPouNBw5HkJOR
Nudged types: Typed URLs, Sessions
Notified types: Typed URLs, Device Info}
{"logTime": "1015/050226", "correlationVector":"cvtiqw7KRDPouNBw5HkJOR.1","action":"SyncServerConnectionManagerRequest", "result":"SYNC_SERVER_OK", "context":{"environment":"Prod_SoutheastAsia_000j", "migrationStage":"NotStarted", "server":"GENERAL0100000A"}}
{"logTime": "1015/050226", "correlationVector":"cvtiqw7KRDPouNBw5HkJOR.2","action":"GetUpdates", "result":"DeleteReceived", "context":{"id":"2fc2b7e3-acb2-4b8f-b967-7e18e3d6651c", "isDeleted:":"true", "version":"1728968544622"}}
{"logTime": "1015/050226", "correlationVector":"cvtiqw7KRDPouNBw5HkJOR.3","action":"GetUpdates", "result":"DeleteReceived", "context":{"id":"73eff214-3f13-4b39-8d41-3fe00581039b", "isDeleted:":"true", "version":"1728968544624"}}
{"logTime": "1015/050226", "correlationVector":"cvtiqw7KRDPouNBw5HkJOR.4","action":"GetUpdates", "result":"DeleteReceived", "context":{"id":"6ad1f89f-00be-41bf-a5f9-6b71e4ca8659", "isDeleted:":"true", "version":"1728968544625"}}
{"logTime": "1015/050226", "correlationVector":"cvtiqw7KRDPouNBw5HkJOR.5","action":"GetUpdates", "result":"DeleteReceived", "context":{"id":"4a183f71-57d2-4a89-902a-a5e02f421315", "isDeleted:":"true", "version":"1728968544626"}}
{"logTime": "1015/050226", "correlationVector":"cvtiqw7KRDPouNBw5HkJOR.6","action":"GetUpdates", "result":"DeleteReceived", "context":{"id":"6152620d-5224-4f75-ad59-be58990ca9eb", "isDeleted:":"true", "version":"1728968544627"}}
{"logTime": "1015/050226", "correlationVector":"cvtiqw7KRDPouNBw5HkJOR.7","action":"GetUpdates", "result":"DeleteReceived", "context":{"id":"e1f90bd9-79e2-422c-8a85-ae2a8d4b0acd", "isDeleted:":"true", "version":"1728968544628"}}
{"logTime": "1015/050226", "correlationVector":"cvtiqw7KRDPouNBw5HkJOR.8","action":"GetUpdates Response", "result":"Success", "context":Received 13 update(s). cV=cvtiqw7KRDPouNBw5HkJOR.0;server=GENERAL0100000A;cloudType=Consumer;environment=Prod_SoutheastAsia_000j;migrationStage=NotStarted}
{"logTime": "1015/050226", "correlationVector":"HBEDkMXf8tgR1yx2xOvdmH","action":"Commit Request", "result":"", "context":Item count: 5
Contributing types: Typed URLs, Sessions}
{"logTime": "1015/050227", "correlationVector":"HBEDkMXf8tgR1yx2xOvdmH.1","action":"SyncServerConnectionManagerRequest", "result":"SYNC_SERVER_OK", "context":{"environment":"Prod_SoutheastAsia_000j", "migrationStage":"NotStarted", "server":"GENERAL0100000Q"}}
{"logTime": "1015/050227", "correlationVector":"HBEDkMXf8tgR1yx2xOvdmH.2","action":"Commit Response", "result":"Success", "context":Result: Success. cV=HBEDkMXf8tgR1yx2xOvdmH.0;server=GENERAL0100000Q;cloudType=Consumer;environment=Prod_SoutheastAsia_000j;migrationStage=NotStarted}
{"logTime": "1015/050257", "correlationVector":"MDXfyAALQCI4zLECqazv7J","action":"Commit Request", "result":"", "context":Item count: 1
Contributing types: Sessions}
{"logTime": "1015/050257", "correlationVector":"MDXfyAALQCI4zLECqazv7J.1","action":"SyncServerConnectionManagerRequest", "result":"SYNC_SERVER_OK", "context":{"environment":"Prod_SoutheastAsia_000j", "migrationStage":"NotStarted", "server":"GENERAL0100000C"}}
{"logTime": "1015/050257", "correlationVector":"MDXfyAALQCI4zLECqazv7J.3","action":"Commit.Sessions", "result":"Success", "context":{"id":"80abfb42-18e1-4519-82dd-0538c752beb3", "isDeleted":"true", "size":"0", "version":"1728968546871"}}
{"logTime": "1015/050257", "correlationVector":"MDXfyAALQCI4zLECqazv7J.2","action":"Commit Response", "result":"Success", "context":Result: Success. cV=MDXfyAALQCI4zLECqazv7J.0;server=GENERAL0100000C;cloudType=Consumer;environment=Prod_SoutheastAsia_000j;migrationStage=NotStarted}
{"logTime": "1015/050333", "correlationVector":"eE6tEudOhK6sS759QDF+WI","action":"Commit Request", "result":"", "context":Item count: 2
Contributing types: Typed URLs}
{"logTime": "1015/050334", "correlationVector":"eE6tEudOhK6sS759QDF+WI.1","action":"SyncServerConnectionManagerRequest", "result":"SYNC_SERVER_OK", "context":{"environment":"Prod_SoutheastAsia_000j", "migrationStage":"NotStarted", "server":"GENERAL0300001X"}}
{"logTime": "1015/050334", "correlationVector":"eE6tEudOhK6sS759QDF+WI.2","action":"Commit Response", "result":"Success", "context":Result: Success. cV=eE6tEudOhK6sS759QDF+WI.0;server=GENERAL0300001X;cloudType=Consumer;environment=Prod_SoutheastAsia_000j;migrationStage=NotStarted}
{"logTime": "1015/050634", "correlationVector":"SRH/00UdsXmnTez0sZ1Tes","action":"Normal GetUpdate request", "result":"", "context":cV=SRH/00UdsXmnTez0sZ1Tes
Refresh requested types: Bookmarks, Preferences, Passwords, Autofill Profiles, Autofill, Typed URLs, Extensions, Sessions, Extension settings, History Delete Directives, Device Info, User Consents, Send Tab To Self, Web Apps, Collection, Edge E Drop, Edge Hub App Usage, Edge Tab Group, Edge Wallet, Encryption Keys}
{"logTime": "1015/050635", "correlationVector":"SRH/00UdsXmnTez0sZ1Tes.1","action":"SyncServerConnectionManagerRequest", "result":"SYNC_SERVER_OK", "context":{"environment":"Prod_SoutheastAsia_000j", "migrationStage":"NotStarted", "server":"GENERAL01000010"}}
{"logTime": "1015/050635", "correlationVector":"SRH/00UdsXmnTez0sZ1Tes.2","action":"GetUpdates", "result":"DeleteReceived", "context":{"id":"80abfb42-18e1-4519-82dd-0538c752beb3", "isDeleted:":"true", "version":"1728968577472"}}
{"logTime": "1015/050635", "correlationVector":"SRH/00UdsXmnTez0sZ1Tes.3","action":"GetUpdates Response", "result":"Success", "context":Received 8 update(s). cV=SRH/00UdsXmnTez0sZ1Tes.0;server=GENERAL01000010;cloudType=Consumer;environment=Prod_SoutheastAsia_000j;migrationStage=NotStarted}
{"logTime": "1015/052624", "correlationVector":"yWSEwc7dXlIDZ3oN447Hs0","action":"Commit Request", "result":"", "context":Item count: 1
Contributing types: Sessions}
{"logTime": "1015/052624", "correlationVector":"yWSEwc7dXlIDZ3oN447Hs0.1","action":"SyncServerConnectionManagerRequest", "result":"SYNC_SERVER_OK", "context":{"environment":"Prod_SoutheastAsia_000j", "migrationStage":"NotStarted", "server":"GENERAL01000009"}}
{"logTime": "1015/052624", "correlationVector":"yWSEwc7dXlIDZ3oN447Hs0.2","action":"Commit Response", "result":"Success", "context":Result: Success. cV=yWSEwc7dXlIDZ3oN447Hs0.0;server=GENERAL01000009;cloudType=Consumer;environment=Prod_SoutheastAsia_000j;migrationStage=NotStarted}
{"logTime": "1015/052812", "correlationVector":"BIq/TXmLXxfTSfkM2d0Qgp","action":"Normal GetUpdate request", "result":"", "context":cV=BIq/TXmLXxfTSfkM2d0Qgp
Notified types: Typed URLs}
{"logTime": "1015/052812", "correlationVector":"BIq/TXmLXxfTSfkM2d0Qgp.1","action":"SyncServerConnectionManagerRequest", "result":"SYNC_SERVER_OK", "context":{"environment":"Prod_SoutheastAsia_000j", "migrationStage":"NotStarted", "server":"GENERAL0300002E"}}
{"logTime": "1015/052812", "correlationVector":"BIq/TXmLXxfTSfkM2d0Qgp.2","action":"GetUpdates Response", "result":"Success", "context":Received 5 update(s). cV=BIq/TXmLXxfTSfkM2d0Qgp.0;server=GENERAL0300002E;cloudType=Consumer;environment=Prod_SoutheastAsia_000j;migrationStage=NotStarted}
{"logTime": "1015/053245", "correlationVector":"UnEApNHxzj7nM38no5gqof","action":"Commit Request", "result":"", "context":Item count: 1
Contributing types: Sessions}
{"logTime": "1015/053246", "correlationVector":"UnEApNHxzj7nM38no5gqof.1","action":"SyncServerConnectionManagerRequest", "result":"SYNC_SERVER_OK", "context":{"environment":"Prod_SoutheastAsia_000j", "migrationStage":"NotStarted", "server":"GENERAL0300002I"}}
{"logTime": "1015/053246", "correlationVector":"UnEApNHxzj7nM38no5gqof.2","action":"Commit Response", "result":"Success", "context":Result: Success. cV=UnEApNHxzj7nM38no5gqof.0;server=GENERAL0300002I;cloudType=Consumer;environment=Prod_SoutheastAsia_000j;migrationStage=NotStarted}
{"logTime": "1015/053328", "correlationVector":"2DnpsuvYqI9ytJ0marvW6R","action":"Normal GetUpdate request", "result":"", "context":cV=2DnpsuvYqI9ytJ0marvW6R
Nudged types: Sessions
Notified types: Typed URLs}
{"logTime": "1015/053329", "correlationVector":"2DnpsuvYqI9ytJ0marvW6R.1","action":"SyncServerConnectionManagerRequest", "result":"SYNC_SERVER_OK", "context":{"environment":"Prod_SoutheastAsia_000j", "migrationStage":"NotStarted", "server":"GENERAL0100000H"}}
{"logTime": "1015/053329", "correlationVector":"2DnpsuvYqI9ytJ0marvW6R.2","action":"GetUpdates Response", "result":"Success", "context":Received 6 update(s). cV=2DnpsuvYqI9ytJ0marvW6R.0;server=GENERAL0100000H;cloudType=Consumer;environment=Prod_SoutheastAsia_000j;migrationStage=NotStarted}
{"logTime": "1015/053329", "correlationVector":"N7iiCCa9OpnIVff+KZ269C","action":"Commit Request", "result":"", "context":Item count: 1
Contributing types: Sessions}
{"logTime": "1015/053329", "correlationVector":"N7iiCCa9OpnIVff+KZ269C.1","action":"SyncServerConnectionManagerRequest", "result":"SYNC_SERVER_OK", "context":{"environment":"Prod_SoutheastAsia_000j", "migrationStage":"NotStarted", "server":"GENERAL03000002"}}
{"logTime": "1015/053329", "correlationVector":"N7iiCCa9OpnIVff+KZ269C.2","action":"Commit Response", "result":"Success", "context":Result: Success. cV=N7iiCCa9OpnIVff+KZ269C.0;server=GENERAL03000002;cloudType=Consumer;environment=Prod_SoutheastAsia_000j;migrationStage=NotStarted}
{"logTime": "1015/053348", "correlationVector":"7UCxRq7EFlpJPIH+H3QSAP","action":"Normal GetUpdate request", "result":"", "context":cV=7UCxRq7EFlpJPIH+H3QSAP
Nudged types: Sessions
Notified types: Device Info}
{"logTime": "1015/053349", "correlationVector":"7UCxRq7EFlpJPIH+H3QSAP.1","action":"SyncServerConnectionManagerRequest", "result":"SYNC_SERVER_OK", "context":{"environment":"Prod_SoutheastAsia_000j", "migrationStage":"NotStarted", "server":"GENERAL0100001C"}}
{"logTime": "1015/053349", "correlationVector":"7UCxRq7EFlpJPIH+H3QSAP.2","action":"GetUpdates", "result":"DeleteReceived", "context":{"id":"0ae09f55-bff5-43bf-8732-ea78e48d62e1", "isDeleted:":"true", "version":"1728970427862"}}
{"logTime": "1015/053349", "correlationVector":"7UCxRq7EFlpJPIH+H3QSAP.3","action":"GetUpdates Response", "result":"Success", "context":Received 5 update(s). cV=7UCxRq7EFlpJPIH+H3QSAP.0;server=GENERAL0100001C;cloudType=Consumer;environment=Prod_SoutheastAsia_000j;migrationStage=NotStarted}
{"logTime": "1015/053422", "correlationVector":"mP+vroyjjlOAeC8lDrTNiE","action":"Normal GetUpdate request", "result":"", "context":cV=mP+vroyjjlOAeC8lDrTNiE
Notified types: Typed URLs}
{"logTime": "1015/053423", "correlationVector":"mP+vroyjjlOAeC8lDrTNiE.1","action":"SyncServerConnectionManagerRequest", "result":"SYNC_SERVER_OK", "context":{"environment":"Prod_SoutheastAsia_000j", "migrationStage":"NotStarted", "server":"GENERAL0100001D"}}
{"logTime": "1015/053423", "correlationVector":"mP+vroyjjlOAeC8lDrTNiE.2","action":"GetUpdates", "result":"DeleteReceived", "context":{"id":"e03799d0-53ce-451a-9c26-dd2423aa1497", "isDeleted:":"true", "version":"1728970429095"}}
{"logTime": "1015/053423", "correlationVector":"mP+vroyjjlOAeC8lDrTNiE.3","action":"GetUpdates Response", "result":"Success", "context":Received 6 update(s). cV=mP+vroyjjlOAeC8lDrTNiE.0;server=GENERAL0100001D;cloudType=Consumer;environment=Prod_SoutheastAsia_000j;migrationStage=NotStarted}
{"logTime": "1015/053804", "correlationVector":"f04So0PHgXE387OxSeO/Za","action":"Commit Request", "result":"", "context":Item count: 1
Contributing types: Sessions}
{"logTime": "1015/053804", "correlationVector":"f04So0PHgXE387OxSeO/Za.1","action":"SyncServerConnectionManagerRequest", "result":"SYNC_SERVER_OK", "context":{"environment":"Prod_SoutheastAsia_000j", "migrationStage":"NotStarted", "server":"GENERAL0100000P"}}
{"logTime": "1015/053804", "correlationVector":"f04So0PHgXE387OxSeO/Za.2","action":"Commit Response", "result":"Success", "context":Result: Success. cV=f04So0PHgXE387OxSeO/Za.0;server=GENERAL0100000P;cloudType=Consumer;environment=Prod_SoutheastAsia_000j;migrationStage=NotStarted}
{"logTime": "1015/054157", "correlationVector":"bHqwiUwLX01MutV/dkxDMA","action":"Commit Request", "result":"", "context":Item count: 2
Contributing types: Typed URLs, Sessions}
{"logTime": "1015/054158", "correlationVector":"bHqwiUwLX01MutV/dkxDMA.1","action":"SyncServerConnectionManagerRequest", "result":"SYNC_SERVER_OK", "context":{"environment":"Prod_SoutheastAsia_000j", "migrationStage":"NotStarted", "server":"GENERAL0300002E"}}
{"logTime": "1015/054158", "correlationVector":"bHqwiUwLX01MutV/dkxDMA.2","action":"Commit Response", "result":"Success", "context":Result: Success. cV=bHqwiUwLX01MutV/dkxDMA.0;server=GENERAL0300002E;cloudType=Consumer;environment=Prod_SoutheastAsia_000j;migrationStage=NotStarted}
{"logTime": "1015/054320", "correlationVector":"x+hucMAFBJ3mpyFmbxtL9V","action":"Commit Request", "result":"", "context":Item count: 1
Contributing types: Sessions}
{"logTime": "1015/054321", "correlationVector":"x+hucMAFBJ3mpyFmbxtL9V.1","action":"SyncServerConnectionManagerRequest", "result":"SYNC_SERVER_OK", "context":{"environment":"Prod_SoutheastAsia_000j", "migrationStage":"NotStarted", "server":"GENERAL03000010"}}
{"logTime": "1015/054321", "correlationVector":"x+hucMAFBJ3mpyFmbxtL9V.2","action":"Commit Response", "result":"Success", "context":Result: Success. cV=x+hucMAFBJ3mpyFmbxtL9V.0;server=GENERAL03000010;cloudType=Consumer;environment=Prod_SoutheastAsia_000j;migrationStage=NotStarted}
{"logTime": "1015/054517", "correlationVector":"ryQfZhWHDx0s+Qw6Qdm8Et","action":"Commit Request", "result":"", "context":Item count: 1
Contributing types: Sessions}
{"logTime": "1015/054518", "correlationVector":"ryQfZhWHDx0s+Qw6Qdm8Et.1","action":"SyncServerConnectionManagerRequest", "result":"SYNC_SERVER_OK", "context":{"environment":"Prod_SoutheastAsia_000j", "migrationStage":"NotStarted", "server":"GENERAL03000026"}}
{"logTime": "1015/054518", "correlationVector":"ryQfZhWHDx0s+Qw6Qdm8Et.2","action":"Commit Response", "result":"Success", "context":Result: Success. cV=ryQfZhWHDx0s+Qw6Qdm8Et.0;server=GENERAL03000026;cloudType=Consumer;environment=Prod_SoutheastAsia_000j;migrationStage=NotStarted}
{"logTime": "1015/055154", "correlationVector":"gEUxJYHLojVDpYGVlQP2bQ.1","action":"SyncServerConnectionManagerRequest", "result":"SYNC_SERVER_OK", "context":{"environment":"Prod_SoutheastAsia_000j", "migrationStage":"NotStarted", "server":"GENERAL0300002J"}}
{"logTime": "1015/055154", "correlationVector":"GFyzi5Hc/+rmmw+zBjPp6p","action":"SyncServerConnectionManagerRequest", "result":"SYNC_SERVER_OK", "context":{"environment":"", "migrationStage":"", "server":""}}
{"logTime": "1015/055154", "correlationVector":"gEUxJYHLojVDpYGVlQP2bQ","action":"Initial GetUpdates", "result":"", "context":Reason: NEW_CLIENT. cV=gEUxJYHLojVDpYGVlQP2bQ}
{"logTime": "1015/055154", "correlationVector":"gEUxJYHLojVDpYGVlQP2bQ.2","action":"GetUpdates Response", "result":"Success", "context":Received 1 update(s). cV=gEUxJYHLojVDpYGVlQP2bQ.0;server=GENERAL0300002J;cloudType=Consumer;environment=Prod_SoutheastAsia_000j;migrationStage=NotStarted}
{"logTime": "1015/055154", "correlationVector":"EufTCqM6xWAAfLgvuf6BxV","action":"Initial GetUpdates", "result":"", "context":Reason: NEWLY_SUPPORTED_DATATYPE. cV=EufTCqM6xWAAfLgvuf6BxV}
{"logTime": "1015/055155", "correlationVector":"EufTCqM6xWAAfLgvuf6BxV.1","action":"SyncServerConnectionManagerRequest", "result":"SYNC_SERVER_OK", "context":{"environment":"Prod_SoutheastAsia_000j", "migrationStage":"NotStarted", "server":"GENERAL01000016"}}
{"logTime": "1015/055155", "correlationVector":"EufTCqM6xWAAfLgvuf6BxV.2","action":"GetUpdates", "result":"DeleteReceived", "context":{"id":"eddbfd8a-c1cb-4464-a055-9b421577dcfe", "isDeleted:":"true", "version":"1710097349314"}}
{"logTime": "1015/055155", "correlationVector":"EufTCqM6xWAAfLgvuf6BxV.3","action":"GetUpdates", "result":"DeleteReceived", "context":{"id":"a4d69560-09dd-4e16-8b69-3ecd5c90124c", "isDeleted:":"true", "version":"1710098416019"}}
{"logTime": "1015/055155", "correlationVector":"EufTCqM6xWAAfLgvuf6BxV.4","action":"GetUpdates", "result":"DeleteReceived", "context":{"id":"ac6a7104-5355-45d2-adaa-f395e9752641", "isDeleted:":"true", "version":"1724578663752"}}
{"logTime": "1015/055155", "correlationVector":"EufTCqM6xWAAfLgvuf6BxV.5","action":"GetUpdates", "result":"DeleteReceived", "context":{"id":"07ab3e0a-6e07-4653-9da5-5ed57eaed8ac", "isDeleted:":"true", "version":"1726911885993"}}
{"logTime": "1015/055155", "correlationVector":"EufTCqM6xWAAfLgvuf6BxV.6","action":"GetUpdates Response", "result":"Success", "context":Received 155 update(s). cV=EufTCqM6xWAAfLgvuf6BxV.0;server=GENERAL01000016;cloudType=Consumer;environment=Prod_SoutheastAsia_000j;migrationStage=NotStarted}
{"logTime": "1015/055155", "correlationVector":"4WfhTzWn4HcGE7i4uAH6R4","action":"Normal GetUpdate request", "result":"", "context":cV=4WfhTzWn4HcGE7i4uAH6R4
Nudged types: Sessions
Refresh requested types: Bookmarks, Preferences, Passwords, Autofill Profiles, Autofill, Typed URLs, Extensions, Sessions, Extension settings, History Delete Directives, Device Info, User Consents, Send Tab To Self, Web Apps, Collection, Edge E Drop, Edge Hub App Usage, Edge Tab Group, Edge Wallet, Encryption Keys}
{"logTime": "1015/055156", "correlationVector":"4WfhTzWn4HcGE7i4uAH6R4.1","action":"SyncServerConnectionManagerRequest", "result":"SYNC_SERVER_OK", "context":{"environment":"Prod_SoutheastAsia_000j", "migrationStage":"NotStarted", "server":"GENERAL01000011"}}
{"logTime": "1015/055156", "correlationVector":"4WfhTzWn4HcGE7i4uAH6R4.2","action":"GetUpdates Response", "result":"Success", "context":Received 8 update(s). cV=4WfhTzWn4HcGE7i4uAH6R4.0;server=GENERAL01000011;cloudType=Consumer;environment=Prod_SoutheastAsia_000j;migrationStage=NotStarted}
{"logTime": "1015/055156", "correlationVector":"TgQY1tYMauEc2eqoFLvQjh","action":"Commit Request", "result":"", "context":Item count: 3
Contributing types: Sessions}
{"logTime": "1015/055156", "correlationVector":"TgQY1tYMauEc2eqoFLvQjh.1","action":"SyncServerConnectionManagerRequest", "result":"SYNC_SERVER_OK", "context":{"environment":"Prod_SoutheastAsia_000j", "migrationStage":"NotStarted", "server":"GENERAL0100000J"}}
{"logTime": "1015/055156", "correlationVector":"TgQY1tYMauEc2eqoFLvQjh.2","action":"Commit Response", "result":"Success", "context":Result: Success. cV=TgQY1tYMauEc2eqoFLvQjh.0;server=GENERAL0100000J;cloudType=Consumer;environment=Prod_SoutheastAsia_000j;migrationStage=NotStarted}
{"logTime": "1015/055156", "correlationVector":"TgQY1tYMauEc2eqoFLvQjh.3","action":"Commit.Sessions", "result":"Success", "context":{"id":"8d41e856-9784-4b12-8e3d-ba1fc44c540e", "isDeleted":"true", "size":"0", "version":"1728971117961"}}
{"logTime": "1015/055249", "correlationVector":"bOVugTgqWsDY2ozHu8L3Cv.1","action":"SyncServerConnectionManagerRequest", "result":"SYNC_SERVER_OK", "context":{"environment":"Prod_SoutheastAsia_000j", "migrationStage":"NotStarted", "server":"GENERAL0300002Z"}}
{"logTime": "1015/055250", "correlationVector":"T9GCiwtEIGjYVaR54vPSQI","action":"SyncServerConnectionManagerRequest", "result":"SYNC_SERVER_OK", "context":{"environment":"", "migrationStage":"", "server":""}}
{"logTime": "1015/055250", "correlationVector":"bOVugTgqWsDY2ozHu8L3Cv","action":"Initial GetUpdates", "result":"", "context":Reason: NEW_CLIENT. cV=bOVugTgqWsDY2ozHu8L3Cv}
{"logTime": "1015/055250", "correlationVector":"bOVugTgqWsDY2ozHu8L3Cv.2","action":"GetUpdates Response", "result":"Success", "context":Received 1 update(s). cV=bOVugTgqWsDY2ozHu8L3Cv.0;server=GENERAL0300002Z;cloudType=Consumer;environment=Prod_SoutheastAsia_000j;migrationStage=NotStarted}
{"logTime": "1015/055250", "correlationVector":"uqq59xaBbBfuQhWTQcu/Tg","action":"Initial GetUpdates", "result":"", "context":Reason: NEWLY_SUPPORTED_DATATYPE. cV=uqq59xaBbBfuQhWTQcu/Tg}
{"logTime": "1015/055251", "correlationVector":"uqq59xaBbBfuQhWTQcu/Tg.1","action":"SyncServerConnectionManagerRequest", "result":"SYNC_SERVER_OK", "context":{"environment":"Prod_SoutheastAsia_000j", "migrationStage":"NotStarted", "server":"GENERAL0300001X"}}
{"logTime": "1015/055251", "correlationVector":"uqq59xaBbBfuQhWTQcu/Tg.2","action":"GetUpdates", "result":"DeleteReceived", "context":{"id":"eddbfd8a-c1cb-4464-a055-9b421577dcfe", "isDeleted:":"true", "version":"1710097349314"}}
{"logTime": "1015/055251", "correlationVector":"uqq59xaBbBfuQhWTQcu/Tg.3","action":"GetUpdates", "result":"DeleteReceived", "context":{"id":"a4d69560-09dd-4e16-8b69-3ecd5c90124c", "isDeleted:":"true", "version":"1710098416019"}}
{"logTime": "1015/055251", "correlationVector":"uqq59xaBbBfuQhWTQcu/Tg.4","action":"GetUpdates", "result":"DeleteReceived", "context":{"id":"ac6a7104-5355-45d2-adaa-f395e9752641", "isDeleted:":"true", "version":"1724578663752"}}
{"logTime": "1015/055251", "correlationVector":"uqq59xaBbBfuQhWTQcu/Tg.5","action":"GetUpdates", "result":"DeleteReceived", "context":{"id":"07ab3e0a-6e07-4653-9da5-5ed57eaed8ac", "isDeleted:":"true", "version":"1726911885993"}}
{"logTime": "1015/055251", "correlationVector":"uqq59xaBbBfuQhWTQcu/Tg.6","action":"GetUpdates Response", "result":"Success", "context":Received 155 update(s). cV=uqq59xaBbBfuQhWTQcu/Tg.0;server=GENERAL0300001X;cloudType=Consumer;environment=Prod_SoutheastAsia_000j;migrationStage=NotStarted}
{"logTime": "1015/055251", "correlationVector":"suscqAxcz/cJTt7oq7cyfs","action":"Normal GetUpdate request", "result":"", "context":cV=suscqAxcz/cJTt7oq7cyfs
Nudged types: Sessions
Refresh requested types: Bookmarks, Preferences, Passwords, Autofill Profiles, Autofill, Typed URLs, Extensions, Sessions, Extension settings, History Delete Directives, Device Info, User Consents, Send Tab To Self, Web Apps, Collection, Edge E Drop, Edge Hub App Usage, Edge Tab Group, Edge Wallet, Encryption Keys}
{"logTime": "1015/055251", "correlationVector":"suscqAxcz/cJTt7oq7cyfs.1","action":"SyncServerConnectionManagerRequest", "result":"SYNC_SERVER_OK", "context":{"environment":"Prod_SoutheastAsia_000j", "migrationStage":"NotStarted", "server":"GENERAL0100000B"}}
{"logTime": "1015/055251", "correlationVector":"suscqAxcz/cJTt7oq7cyfs.2","action":"GetUpdates", "result":"DeleteReceived", "context":{"id":"8d41e856-9784-4b12-8e3d-ba1fc44c540e", "isDeleted:":"true", "version":"1728971516202"}}
{"logTime": "1015/055251", "correlationVector":"suscqAxcz/cJTt7oq7cyfs.3","action":"GetUpdates Response", "result":"Success", "context":Received 3 update(s). cV=suscqAxcz/cJTt7oq7cyfs.0;server=GENERAL0100000B;cloudType=Consumer;environment=Prod_SoutheastAsia_000j;migrationStage=NotStarted}
{"logTime": "1015/055251", "correlationVector":"eI7mxhbsJQCE9Gxioh9IQn","action":"Commit Request", "result":"", "context":Item count: 3
Contributing types: Sessions}
{"logTime": "1015/055252", "correlationVector":"eI7mxhbsJQCE9Gxioh9IQn.1","action":"SyncServerConnectionManagerRequest", "result":"SYNC_SERVER_OK", "context":{"environment":"Prod_SoutheastAsia_000j", "migrationStage":"NotStarted", "server":"GENERAL01000013"}}
{"logTime": "1015/055252", "correlationVector":"eI7mxhbsJQCE9Gxioh9IQn.2","action":"Commit Response", "result":"Success", "context":Result: Success. cV=eI7mxhbsJQCE9Gxioh9IQn.0;server=GENERAL01000013;cloudType=Consumer;environment=Prod_SoutheastAsia_000j;migrationStage=NotStarted}
{"logTime": "1015/055310", "correlationVector":"Rg5COgQUnKgkvSbQHpuVnU","action":"Normal GetUpdate request", "result":"", "context":cV=Rg5COgQUnKgkvSbQHpuVnU
Nudged types: Preferences, Sessions}
{"logTime": "1015/055310", "correlationVector":"Rg5COgQUnKgkvSbQHpuVnU.1","action":"SyncServerConnectionManagerRequest", "result":"SYNC_SERVER_OK", "context":{"environment":"Prod_SoutheastAsia_000j", "migrationStage":"NotStarted", "server":"GENERAL0100000B"}}
{"logTime": "1015/055310", "correlationVector":"Rg5COgQUnKgkvSbQHpuVnU.2","action":"GetUpdates Response", "result":"Success", "context":Received 3 update(s). cV=Rg5COgQUnKgkvSbQHpuVnU.0;server=GENERAL0100000B;cloudType=Consumer;environment=Prod_SoutheastAsia_000j;migrationStage=NotStarted}
{"logTime": "1015/055310", "correlationVector":"Hm73lSbtEhaKIiN9CL8/PE","action":"Commit Request", "result":"", "context":Item count: 3
Contributing types: Preferences, Sessions}
{"logTime": "1015/055311", "correlationVector":"Hm73lSbtEhaKIiN9CL8/PE","action":"SyncServerConnectionManagerRequest", "result":"CONNECTION_UNAVAILABLE", "context":{"error_type":"net_error_code", "error_value":"-3"}}
{"logTime": "1015/080017", "correlationVector":"eNI5eM3UWKbGuGNf8neXCR.1","action":"SyncServerConnectionManagerRequest", "result":"SYNC_SERVER_OK", "context":{"environment":"Prod_SoutheastAsia_000j", "migrationStage":"NotStarted", "server":"GENERAL0300000C"}}
{"logTime": "1015/080018", "correlationVector":"C32Ac5VMNOpzIV14o2qwc4","action":"SyncServerConnectionManagerRequest", "result":"SYNC_SERVER_OK", "context":{"environment":"", "migrationStage":"", "server":""}}
{"logTime": "1015/080018", "correlationVector":"eNI5eM3UWKbGuGNf8neXCR","action":"Initial GetUpdates", "result":"", "context":Reason: NEW_CLIENT. cV=eNI5eM3UWKbGuGNf8neXCR}
{"logTime": "1015/080018", "correlationVector":"eNI5eM3UWKbGuGNf8neXCR.2","action":"GetUpdates Response", "result":"Success", "context":Received 1 update(s). cV=eNI5eM3UWKbGuGNf8neXCR.0;server=GENERAL0300000C;cloudType=Consumer;environment=Prod_SoutheastAsia_000j;migrationStage=NotStarted}
{"logTime": "1015/080018", "correlationVector":"7IWtFIbO0H4hDNT54U+JcX","action":"Initial GetUpdates", "result":"", "context":Reason: NEWLY_SUPPORTED_DATATYPE. cV=7IWtFIbO0H4hDNT54U+JcX}
{"logTime": "1015/080019", "correlationVector":"7IWtFIbO0H4hDNT54U+JcX.1","action":"SyncServerConnectionManagerRequest", "result":"SYNC_SERVER_OK", "context":{"environment":"Prod_SoutheastAsia_000j", "migrationStage":"NotStarted", "server":"GENERAL03000015"}}
{"logTime": "1015/080019", "correlationVector":"7IWtFIbO0H4hDNT54U+JcX.2","action":"GetUpdates", "result":"DeleteReceived", "context":{"id":"eddbfd8a-c1cb-4464-a055-9b421577dcfe", "isDeleted:":"true", "version":"1710097349314"}}
{"logTime": "1015/080019", "correlationVector":"7IWtFIbO0H4hDNT54U+JcX.3","action":"GetUpdates", "result":"DeleteReceived", "context":{"id":"a4d69560-09dd-4e16-8b69-3ecd5c90124c", "isDeleted:":"true", "version":"1710098416019"}}
{"logTime": "1015/080019", "correlationVector":"7IWtFIbO0H4hDNT54U+JcX.4","action":"GetUpdates", "result":"DeleteReceived", "context":{"id":"ac6a7104-5355-45d2-adaa-f395e9752641", "isDeleted:":"true", "version":"1724578663752"}}
{"logTime": "1015/080019", "correlationVector":"7IWtFIbO0H4hDNT54U+JcX.5","action":"GetUpdates", "result":"DeleteReceived", "context":{"id":"07ab3e0a-6e07-4653-9da5-5ed57eaed8ac", "isDeleted:":"true", "version":"1726911885993"}}
{"logTime": "1015/080019", "correlationVector":"7IWtFIbO0H4hDNT54U+JcX.6","action":"GetUpdates Response", "result":"Success", "context":Received 155 update(s). cV=7IWtFIbO0H4hDNT54U+JcX.0;server=GENERAL03000015;cloudType=Consumer;environment=Prod_SoutheastAsia_000j;migrationStage=NotStarted}
{"logTime": "1015/080019", "correlationVector":"/+hTOnwq7NtTHq+dZk+BDZ","action":"Normal GetUpdate request", "result":"", "context":cV=/+hTOnwq7NtTHq+dZk+BDZ
Nudged types: Preferences, Sessions
Refresh requested types: Bookmarks, Preferences, Passwords, Autofill Profiles, Autofill, Typed URLs, Extensions, Sessions, Extension settings, History Delete Directives, Device Info, User Consents, Send Tab To Self, Web Apps, Collection, Edge E Drop, Edge Hub App Usage, Edge Tab Group, Edge Wallet, Encryption Keys}
{"logTime": "1015/080020", "correlationVector":"/+hTOnwq7NtTHq+dZk+BDZ.1","action":"SyncServerConnectionManagerRequest", "result":"SYNC_SERVER_OK", "context":{"environment":"Prod_SoutheastAsia_000j", "migrationStage":"NotStarted", "server":"GENERAL03000013"}}
{"logTime": "1015/080020", "correlationVector":"/+hTOnwq7NtTHq+dZk+BDZ.2","action":"GetUpdates", "result":"DeleteReceived", "context":{"id":"c805ea3c-08ee-41bf-b082-b323850bec49", "isDeleted:":"true", "version":"1728971591069"}}
{"logTime": "1015/080020", "correlationVector":"/+hTOnwq7NtTHq+dZk+BDZ.3","action":"GetUpdates", "result":"DeleteReceived", "context":{"id":"b1e9a334-9fa1-4550-bec7-0b48bd7f5de7", "isDeleted:":"true", "version":"1728974954086"}}
{"logTime": "1015/080020", "correlationVector":"/+hTOnwq7NtTHq+dZk+BDZ.4","action":"GetUpdates", "result":"DeleteReceived", "context":{"id":"9d2e3d96-85e6-4aad-9fcb-d593326c093f", "isDeleted:":"true", "version":"1728979099729"}}
{"logTime": "1015/080020", "correlationVector":"/+hTOnwq7NtTHq+dZk+BDZ.5","action":"GetUpdates", "result":"DeleteReceived", "context":{"id":"b97b95d0-8411-41fc-9a8f-b2001a26bbd0", "isDeleted:":"true", "version":"1728979099731"}}
{"logTime": "1015/080020", "correlationVector":"/+hTOnwq7NtTHq+dZk+BDZ.6","action":"GetUpdates", "result":"DeleteReceived", "context":{"id":"f6500c40-f5c8-4f9f-93ac-9aba03264115", "isDeleted:":"true", "version":"1728979099733"}}
{"logTime": "1015/080020", "correlationVector":"/+hTOnwq7NtTHq+dZk+BDZ.7","action":"GetUpdates Response", "result":"Success", "context":Received 24 update(s). cV=/+hTOnwq7NtTHq+dZk+BDZ.0;server=GENERAL03000013;cloudType=Consumer;environment=Prod_SoutheastAsia_000j;migrationStage=NotStarted}
{"logTime": "1015/080020", "correlationVector":"CimS64evDe/ZIuVTdJYgG0","action":"Commit Request", "result":"", "context":Item count: 2
Contributing types: Sessions}
{"logTime": "1015/080020", "correlationVector":"CimS64evDe/ZIuVTdJYgG0.1","action":"SyncServerConnectionManagerRequest", "result":"SYNC_SERVER_OK", "context":{"environment":"Prod_SoutheastAsia_000j", "migrationStage":"NotStarted", "server":"GENERAL0300002Z"}}
{"logTime": "1015/080020", "correlationVector":"CimS64evDe/ZIuVTdJYgG0.2","action":"Commit Response", "result":"Success", "context":Result: Success. cV=CimS64evDe/ZIuVTdJYgG0.0;server=GENERAL0300002Z;cloudType=Consumer;environment=Prod_SoutheastAsia_000j;migrationStage=NotStarted}
{"logTime": "1015/080027", "correlationVector":"btI2vPZVZjXdhY+tCg3+Ut","action":"Normal GetUpdate request", "result":"", "context":cV=btI2vPZVZjXdhY+tCg3+Ut
Nudged types: Preferences, Sessions}
{"logTime": "1015/080028", "correlationVector":"btI2vPZVZjXdhY+tCg3+Ut.1","action":"SyncServerConnectionManagerRequest", "result":"SYNC_SERVER_OK", "context":{"environment":"Prod_SoutheastAsia_000j", "migrationStage":"NotStarted", "server":"GENERAL0300000S"}}
{"logTime": "1015/080028", "correlationVector":"btI2vPZVZjXdhY+tCg3+Ut.2","action":"GetUpdates Response", "result":"Success", "context":Received 2 update(s). cV=btI2vPZVZjXdhY+tCg3+Ut.0;server=GENERAL0300000S;cloudType=Consumer;environment=Prod_SoutheastAsia_000j;migrationStage=NotStarted}
{"logTime": "1015/080028", "correlationVector":"Lzrv/RERB/kyCaSQFs8u/w","action":"Commit Request", "result":"", "context":Item count: 2
Contributing types: Preferences, Sessions}
{"logTime": "1015/080028", "correlationVector":"Lzrv/RERB/kyCaSQFs8u/w.1","action":"SyncServerConnectionManagerRequest", "result":"SYNC_SERVER_OK", "context":{"environment":"Prod_SoutheastAsia_000j", "migrationStage":"NotStarted", "server":"GENERAL0100000B"}}
{"logTime": "1015/080028", "correlationVector":"Lzrv/RERB/kyCaSQFs8u/w.2","action":"Commit Response", "result":"Success", "context":Result: Success. cV=Lzrv/RERB/kyCaSQFs8u/w.0;server=GENERAL0100000B;cloudType=Consumer;environment=Prod_SoutheastAsia_000j;migrationStage=NotStarted}
{"logTime": "1015/080207", "correlationVector":"PvfQa8TtbR0VG5cCXJvxoR","action":"Commit Request", "result":"", "context":Item count: 1
Contributing types: Sessions}
{"logTime": "1015/080208", "correlationVector":"PvfQa8TtbR0VG5cCXJvxoR.1","action":"SyncServerConnectionManagerRequest", "result":"SYNC_SERVER_OK", "context":{"environment":"Prod_SoutheastAsia_000j", "migrationStage":"NotStarted", "server":"GENERAL0300000M"}}
{"logTime": "1015/080208", "correlationVector":"PvfQa8TtbR0VG5cCXJvxoR.2","action":"Commit Response", "result":"Success", "context":Result: Success. cV=PvfQa8TtbR0VG5cCXJvxoR.0;server=GENERAL0300000M;cloudType=Consumer;environment=Prod_SoutheastAsia_000j;migrationStage=NotStarted}
